*** Starting uWSGI 2.0.18 (64bit) on [Sat Apr 11 11:04:19 2020] ***
compiled with version: 9.3.0 on 04 April 2020 15:00:44
os: Linux-5.4.0-22-generic #26-Ubuntu SMP Fri Apr 3 15:52:56 UTC 2020
nodename: ubuntu52
machine: x86_64
clock source: unix
detected number of CPU cores: 8
current working directory: /home/ts
writing pidfile to uwsgi.pid
detected binary path: /home/ts/.local/bin/uwsgi
!!! no internal routing support, rebuild with pcre support !!!
chdir() to /home/ts/app/www/uwsgi/
your processes number limit is 15398
your memory page size is 4096 bytes
detected max file descriptor number: 1024
lock engine: pthread robust mutexes
thunder lock: enabled
uwsgi socket 0 bound to TCP address 10.145.254.52:3031 fd 3
Python version: 3.8.2 (default, Mar 13 2020, 10:14:16)  [GCC 9.3.0]
Python main interpreter initialized at 0x5645a51d9370
python threads support enabled
your server socket listen backlog is limited to 100 connections
your mercy for graceful operations on workers is 60 seconds
mapped 218712 bytes (213 KB) for 2 cores
*** Operational MODE: preforking ***
WSGI app 0 (mountpoint='') ready in 0 seconds on interpreter 0x5645a51d9370 pid: 59056 (default app)
*** uWSGI is running in multiple interpreter mode ***
spawned uWSGI master process (pid: 59056)
spawned uWSGI worker 1 (pid: 59058, cores: 1)
spawned uWSGI worker 2 (pid: 59059, cores: 1)
SIGINT/SIGQUIT received...killing workers...
worker 1 buried after 1 seconds
worker 2 buried after 1 seconds
goodbye to uWSGI.
