2026-05-25 16:01:36.828 | [32mINFO    [0m | [96maistock[0m | 📋 LoggerService 初始化完成 | 日志目录: /home/ts/app/AiStock_v8/logs | 控制台级别: INFO | 文件级别: DEBUG | 轮转: 50MB×10
2026-05-25 16:01:36.828 | [32mINFO    [0m | [96maistock.main[0m | ======================================================================
2026-05-25 16:01:36.828 | [32mINFO    [0m | [96maistock.main[0m | AiStock V8 市场状态量化系统 启动
2026-05-25 16:01:36.828 | [32mINFO    [0m | [96maistock.main[0m | 运行模式: production
2026-05-25 16:01:36.829 | [32mINFO    [0m | [96maistock.main[0m | ======================================================================
2026-05-25 16:01:36.948 | [32mINFO    [0m | [96maistock.main[0m | 使用默认配置: /home/ts/app/AiStock_v8/config/system_config.yaml
2026-05-25 16:01:36.949 | [32mINFO    [0m | [96maistock.main[0m | CacheService 初始化: max_size=2000, default_ttl=3600s
2026-05-25 16:01:36.949 | [32mINFO    [0m | [96maistock.tdx.pool[0m | 心跳线程启动 | standard | 间隔 30 s
2026-05-25 16:01:36.950 | [32mINFO    [0m | [96maistock.tdx.pool[0m | 心跳线程启动 | extension | 间隔 30 s
2026-05-25 16:01:36.950 | [32mINFO    [0m | [96maistock.tdx.pool[0m | 🔌 TDXConnectionPool 初始化 | 池大小=5 | 标准=180.153.18.170:7709 | 扩展=180.153.18.176:7721 | 心跳=30.0s
2026-05-25 16:01:36.960 | [32mINFO    [0m | [96maistock.main[0m | TDXConnectionPool 初始化: pool_size=5 | 标准=180.153.18.170:7709 | 扩展=180.153.18.176:7721
2026-05-25 16:01:37.596 | [32mINFO    [0m | [96maistock.main[0m | TDXAdapter 初始化 (双端口模式: 180.153.18.170:7709 / 180.153.18.176:7721)
2026-05-25 16:01:37.597 | [32mINFO    [0m | [96maistock.main[0m | AKAdapter 初始化 (海外期货29品种 + 辅助数据)
2026-05-25 16:01:37.659 | [32mINFO    [0m | [96maistock.main[0m | DatabaseReader 初始化 (fallback=True)
2026-05-25 16:01:37.659 | [32mINFO    [0m | [96maistock.main[0m | DataLoaderService 初始化 (7段数据编排)
2026-05-25 16:01:37.772 | [32mINFO    [0m | [96maistock.main[0m | OptionCodeParser 初始化 (3格式统一解析)
2026-05-25 16:01:37.772 | [32mINFO    [0m | [96maistock.main[0m | ContractManager 初始化 (含代码表)
2026-05-25 16:01:37.773 | [32mINFO    [0m | [96maistock.main[0m | OptionPCREngine 初始化 (9ETF + 3CFFEX + 20商品)
2026-05-25 16:01:37.773 | [32mINFO    [0m | [96maistock.overseas_signal[0m | OverseasFuturesSignalEngine V8.0 初始化完成 | 权重: price=40% position=25% macro=20% sentiment=15%
2026-05-25 16:01:37.773 | [32mINFO    [0m | [96maistock.main[0m | OverseasFuturesSignalEngine 初始化 (4维度信号: 价格+持仓+宏观+情绪)
2026-05-25 16:01:37.773 | [32mINFO    [0m | [96maistock.main[0m | DerivativesSignalEngine 初始化 (含海外整合)
2026-05-25 16:01:37.773 | [32mINFO    [0m | [96maistock.main[0m | MacroSignalEngine 初始化 (99指标5维度)
2026-05-25 16:01:37.773 | [32mINFO    [0m | [96maistock.main[0m | MarketRegimeEngine 初始化 (含海外Regime调整)
2026-05-25 16:01:37.773 | [32mINFO    [0m | [96maistock.main[0m | MarketStateClassifier 初始化 (4D模型: 估值+动量+Regime+海外)
2026-05-25 16:01:37.774 | [32mINFO    [0m | [96maistock.main[0m | RiskAssessmentEngine 初始化 (含海外+PCR风险因子)
2026-05-25 16:01:37.774 | [32mINFO    [0m | [96maistock.main[0m | ------------------------------------------------------------
2026-05-25 16:01:37.774 | [32mINFO    [0m | [96maistock.main[0m | Step 1/9: 加载市场数据
2026-05-25 16:02:23.789 | [32mINFO    [0m | [96maistock.main[0m | ✅ Step 1 完成 | 46015ms | 9 数据段
2026-05-25 16:02:23.790 | [32mINFO    [0m | [96maistock.main[0m | ------------------------------------------------------------
2026-05-25 16:02:23.790 | [32mINFO    [0m | [96maistock.main[0m | Step 2/9: 更新合约映射
2026-05-25 16:02:23.790 | [32mINFO    [0m | [96maistock.main[0m | ContractManager: 合约映射更新完成
2026-05-25 16:02:23.790 | [32mINFO    [0m | [96maistock.main[0m | ✅ Step 2 完成 | 0ms
2026-05-25 16:02:23.790 | [32mINFO    [0m | [96maistock.main[0m | ------------------------------------------------------------
2026-05-25 16:02:23.790 | [32mINFO    [0m | [96maistock.main[0m | Step 3/9: 计算外盘期货四维信号
2026-05-25 16:02:23.791 | [32mINFO    [0m | [96maistock.overseas_signal[0m | ============================================================
2026-05-25 16:02:23.791 | [32mINFO    [0m | [96maistock.overseas_signal[0m | 外盘期货四维信号引擎 — 开始计算
2026-05-25 16:02:23.791 | [32mINFO    [0m | [96maistock.overseas_signal[0m | ============================================================
2026-05-25 16:02:36.438 | [32mINFO    [0m | [96maistock.overseas_signal[0m | D1 价格信号计算完成: 0/8 品种 (tier=core)
2026-05-25 16:02:36.831 | [33mWARNING [0m | [96maistock.overseas_signal[0m | D2 持仓信号: CFTC数据不可用, 返回空结果
2026-05-25 16:02:43.617 | [32mINFO    [0m | [96maistock.overseas_signal[0m | D3 宏观信号: score=50.0 direction=neutral | 利差=0.00 PMI=0.0 LME=0.00 EIA=0.00
2026-05-25 16:02:49.656 | [32mINFO    [0m | [96maistock.overseas_signal[0m | D4 情绪信号: score=61.2 direction=bullish | QVIX=45.00 BTC_vol=0.00 gold_driver=mixed
2026-05-25 16:03:03.213 | [32mINFO    [0m | [96maistock.overseas_signal[0m | 隔夜收益率: 0 品种 | 均值=0.00%
2026-05-25 16:03:16.151 | [32mINFO    [0m | [96maistock.overseas_signal[0m | 跨市场价格差: 0/4 成功
2026-05-25 16:03:16.151 | [32mINFO    [0m | [96maistock.overseas_signal[0m | 信号融合: composite=51.69 direction=neutral confidence=0.03 | price=50.0 pos=50.0 macro=50.0 sent=61.2 | 冲突=0 折扣=1.00
2026-05-25 16:03:16.152 | [32mINFO    [0m | [96maistock.overseas_signal[0m | 行业影响: 0 行业 | 看多=0 看空=0 中性=0
2026-05-25 16:03:16.152 | [32mINFO    [0m | [96maistock.overseas_signal[0m | ============================================================
2026-05-25 16:03:16.152 | [32mINFO    [0m | [96maistock.overseas_signal[0m | 外盘期货四维信号 — 计算完成 | score=51.69 direction=neutral confidence=0.03 | 耗时=52361ms
2026-05-25 16:03:16.152 | [32mINFO    [0m | [96maistock.overseas_signal[0m | ============================================================
2026-05-25 16:03:16.152 | [32mINFO    [0m | [96maistock.main[0m | ✅ Step 3 完成 | 52362ms | 综合=51.7 方向=neutral
2026-05-25 16:03:16.153 | [32mINFO    [0m | [96maistock.main[0m | ------------------------------------------------------------
2026-05-25 16:03:16.153 | [32mINFO    [0m | [96maistock.main[0m | Step 4/9: 计算期权PCR
2026-05-25 16:05:09.969 | [32mINFO    [0m | [96maistock.main[0m | ✅ Step 4 完成 | 113816ms
2026-05-25 16:05:09.970 | [32mINFO    [0m | [96maistock.main[0m | ------------------------------------------------------------
2026-05-25 16:05:09.970 | [32mINFO    [0m | [96maistock.main[0m | Step 5/9: 计算衍生品信号
2026-05-25 16:05:09.970 | [32mINFO    [0m | [96maistock.main[0m | DerivativesSignalEngine: 综合信号=50.0 [normal] | 基差=0品种 | 海外=已整合
2026-05-25 16:05:09.970 | [32mINFO    [0m | [96maistock.main[0m | ✅ Step 5 完成 | 0ms
2026-05-25 16:05:09.970 | [32mINFO    [0m | [96maistock.main[0m | ------------------------------------------------------------
2026-05-25 16:05:09.970 | [32mINFO    [0m | [96maistock.main[0m | Step 6/9: 计算宏观信号
2026-05-25 16:05:09.970 | [32mINFO    [0m | [96maistock.main[0m | MacroSignalEngine: 综合信号=50.0 | 可用指标=0
2026-05-25 16:05:09.970 | [32mINFO    [0m | [96maistock.main[0m | ✅ Step 6 完成 | 0ms
2026-05-25 16:05:09.970 | [32mINFO    [0m | [96maistock.main[0m | ------------------------------------------------------------
2026-05-25 16:05:09.971 | [32mINFO    [0m | [96maistock.main[0m | Step 7/9: 检测市场Regime
2026-05-25 16:05:09.971 | [32mINFO    [0m | [96maistock.main[0m | MarketRegimeEngine: 当前Regime=震荡 | 评分=50.0 | 海外调整=无
2026-05-25 16:05:09.971 | [32mINFO    [0m | [96maistock.main[0m | ✅ Step 7 完成 | 0ms
2026-05-25 16:05:09.971 | [32mINFO    [0m | [96maistock.main[0m | ------------------------------------------------------------
2026-05-25 16:05:09.971 | [32mINFO    [0m | [96maistock.main[0m | Step 8/9: 市场状态4D分类
2026-05-25 16:05:09.971 | [32mINFO    [0m | [96maistock.main[0m | MarketStateClassifier: 估值=50.0 动量=50.0 Regime=50.0 海外=51.7 → 综合=50.3 [均衡持有] 方向=neutral
2026-05-25 16:05:09.971 | [32mINFO    [0m | [96maistock.main[0m | ✅ Step 8 完成 | 0ms
2026-05-25 16:05:09.971 | [32mINFO    [0m | [96maistock.main[0m | ------------------------------------------------------------
2026-05-25 16:05:09.971 | [32mINFO    [0m | [96maistock.main[0m | Step 9/9: 风险评估
2026-05-25 16:05:09.972 | [32mINFO    [0m | [96maistock.main[0m | RiskAssessmentEngine: 综合风险=25.1 [extreme] | PCR扣分=10.0 | 海外扣分=0.0
2026-05-25 16:05:09.972 | [32mINFO    [0m | [96maistock.main[0m | ✅ Step 9 完成 | 0ms
2026-05-25 16:05:09.974 | [32mINFO    [0m | [96maistock.main[0m | 报告已生成: /home/ts/app/AiStock_v8/output/latest_report.json
2026-05-25 16:05:11.526 | [32mINFO    [0m | [96maistock.main[0m |   ✅ 4D雷达图: /home/ts/app/AiStock_v8/output/visualization/market_state_4d_20260525_160510.png
2026-05-25 16:05:11.717 | [32mINFO    [0m | [96maistock.main[0m |   ✅ Regime概率图: /home/ts/app/AiStock_v8/output/visualization/regime_probability_20260525_160511.png
2026-05-25 16:05:12.137 | [32mINFO    [0m | [96maistock.main[0m |   ✅ 衍生品仪表板: /home/ts/app/AiStock_v8/output/visualization/derivatives_dashboard_20260525_160511.png
2026-05-25 16:05:12.543 | [32mINFO    [0m | [96maistock.main[0m |   ✅ 风险仪表板: /home/ts/app/AiStock_v8/output/visualization/risk_dashboard_20260525_160512.png
2026-05-25 16:05:13.174 | [32mINFO    [0m | [96maistock.main[0m |   ✅ PCR仪表板: /home/ts/app/AiStock_v8/output/visualization/pcr_dashboard_20260525_160512.png
2026-05-25 16:05:13.556 | [32mINFO    [0m | [96maistock.main[0m |   ✅ 外盘信号面板: /home/ts/app/AiStock_v8/output/visualization/overseas_signal_dashboard_20260525_160513.png
2026-05-25 16:05:14.403 | [32mINFO    [0m | [96maistock.main[0m |   ✅ 综合仪表板: /home/ts/app/AiStock_v8/output/visualization/composite_dashboard_20260525_160513.png
2026-05-25 16:05:14.404 | [32mINFO    [0m | [96maistock.main[0m | AiStock V8 运行完成 | 总耗时 218096ms
2026-05-25 16:08:49.241 | [32mINFO    [0m | [96maistock[0m | 📋 LoggerService 初始化完成 | 日志目录: /home/ts/app/AiStock_v8/logs | 控制台级别: INFO | 文件级别: DEBUG | 轮转: 50MB×10
2026-05-25 16:08:49.241 | [32mINFO    [0m | [96maistock.main[0m | ======================================================================
2026-05-25 16:08:49.241 | [32mINFO    [0m | [96maistock.main[0m | AiStock V8 市场状态量化系统 启动
2026-05-25 16:08:49.241 | [32mINFO    [0m | [96maistock.main[0m | 运行模式: production
2026-05-25 16:08:49.241 | [32mINFO    [0m | [96maistock.main[0m | ======================================================================
2026-05-25 16:08:49.371 | [32mINFO    [0m | [96maistock.main[0m | 使用默认配置: /home/ts/app/AiStock_v8/config/system_config.yaml
2026-05-25 16:08:49.371 | [32mINFO    [0m | [96maistock.main[0m | CacheService 初始化: max_size=2000, default_ttl=3600s
2026-05-25 16:08:49.372 | [32mINFO    [0m | [96maistock.tdx.pool[0m | 心跳线程启动 | standard | 间隔 30 s
2026-05-25 16:08:49.372 | [32mINFO    [0m | [96maistock.tdx.pool[0m | 心跳线程启动 | extension | 间隔 30 s
2026-05-25 16:08:49.373 | [32mINFO    [0m | [96maistock.tdx.pool[0m | 🔌 TDXConnectionPool 初始化 | 池大小=5 | 标准=180.153.18.170:7709 | 扩展=180.153.18.176:7721 | 心跳=30.0s
2026-05-25 16:08:49.373 | [32mINFO    [0m | [96maistock.main[0m | TDXConnectionPool 初始化: pool_size=5 | 标准=180.153.18.170:7709 | 扩展=180.153.18.176:7721
2026-05-25 16:08:49.946 | [32mINFO    [0m | [96maistock.main[0m | TDXAdapter 初始化 (双端口模式: 180.153.18.170:7709 / 180.153.18.176:7721)
2026-05-25 16:08:49.947 | [32mINFO    [0m | [96maistock.main[0m | AKAdapter 初始化 (海外期货29品种 + 辅助数据)
2026-05-25 16:08:50.016 | [32mINFO    [0m | [96maistock.main[0m | DatabaseReader 初始化 (fallback=True)
2026-05-25 16:08:50.016 | [32mINFO    [0m | [96maistock.main[0m | DataLoaderService 初始化 (7段数据编排)
2026-05-25 16:08:50.132 | [32mINFO    [0m | [96maistock.main[0m | OptionCodeParser 初始化 (3格式统一解析)
2026-05-25 16:08:50.132 | [32mINFO    [0m | [96maistock.main[0m | ContractManager 初始化 (含代码表)
2026-05-25 16:08:50.133 | [32mINFO    [0m | [96maistock.main[0m | OptionPCREngine 初始化 (9ETF + 3CFFEX + 20商品)
2026-05-25 16:08:50.133 | [32mINFO    [0m | [96maistock.overseas_signal[0m | OverseasFuturesSignalEngine V8.0 初始化完成 | 权重: price=40% position=25% macro=20% sentiment=15%
2026-05-25 16:08:50.133 | [32mINFO    [0m | [96maistock.main[0m | OverseasFuturesSignalEngine 初始化 (4维度信号: 价格+持仓+宏观+情绪)
2026-05-25 16:08:50.133 | [32mINFO    [0m | [96maistock.main[0m | DerivativesSignalEngine 初始化 (含海外整合)
2026-05-25 16:08:50.133 | [32mINFO    [0m | [96maistock.main[0m | MacroSignalEngine 初始化 (99指标5维度)
2026-05-25 16:08:50.134 | [32mINFO    [0m | [96maistock.main[0m | MarketRegimeEngine 初始化 (含海外Regime调整)
2026-05-25 16:08:50.134 | [32mINFO    [0m | [96maistock.main[0m | MarketStateClassifier 初始化 (4D模型: 估值+动量+Regime+海外)
2026-05-25 16:08:50.134 | [32mINFO    [0m | [96maistock.main[0m | RiskAssessmentEngine 初始化 (含海外+PCR风险因子)
2026-05-25 16:08:50.134 | [32mINFO    [0m | [96maistock.main[0m | ------------------------------------------------------------
2026-05-25 16:08:50.134 | [32mINFO    [0m | [96maistock.main[0m | Step 1/9: 加载市场数据
