This file contains any messages produced by compilers while
running configure, to aid debugging if configure makes a mistake.

It was created by ta-lib configure 0.4.0, which was
generated by GNU Autoconf 2.61.  Invocation command line was

  $ ./configure 

## --------- ##
## Platform. ##
## --------- ##

hostname = d11docker57
uname -m = x86_64
uname -r = 6.0.0-0.deb11.6-amd64
uname -s = Linux
uname -v = #1 SMP PREEMPT_DYNAMIC Debian 6.0.12-1~bpo11+1 (2022-12-19)

/usr/bin/uname -p = unknown
/bin/uname -X     = unknown

/bin/arch              = x86_64
/usr/bin/arch -k       = unknown
/usr/convex/getsysinfo = unknown
/usr/bin/hostinfo      = unknown
/bin/machine           = unknown
/usr/bin/oslevel       = unknown
/bin/universe          = unknown

PATH: /usr/local/bin
PATH: /usr/bin
PATH: /bin
PATH: /usr/local/games
PATH: /usr/games


## ----------- ##
## Core tests. ##
## ----------- ##

configure:1987: checking for a BSD-compatible install
configure:2043: result: /usr/bin/install -c
configure:2054: checking whether build environment is sane
configure:2097: result: yes
configure:2125: checking for a thread-safe mkdir -p
configure:2164: result: /usr/bin/mkdir -p
configure:2177: checking for gawk
configure:2207: result: no
configure:2177: checking for mawk
configure:2193: found /usr/bin/mawk
configure:2204: result: mawk
configure:2215: checking whether make sets $(MAKE)
configure:2240: result: no
configure:2474: checking for gcc
configure:2504: result: no
configure:2571: checking for cc
configure:2618: result: no
configure:2674: checking for cl.exe
configure:2704: result: no
configure:2733: error: no acceptable C compiler found in $PATH
See `config.log' for more details.

## ---------------- ##
## Cache variables. ##
## ---------------- ##

ac_cv_env_CCC_set=
ac_cv_env_CCC_value=
ac_cv_env_CC_set=
ac_cv_env_CC_value=
ac_cv_env_CFLAGS_set=
ac_cv_env_CFLAGS_value=
ac_cv_env_CPPFLAGS_set=
ac_cv_env_CPPFLAGS_value=
ac_cv_env_CPP_set=
ac_cv_env_CPP_value=
ac_cv_env_CXXCPP_set=
ac_cv_env_CXXCPP_value=
ac_cv_env_CXXFLAGS_set=
ac_cv_env_CXXFLAGS_value=
ac_cv_env_CXX_set=
ac_cv_env_CXX_value=
ac_cv_env_F77_set=
ac_cv_env_F77_value=
ac_cv_env_FFLAGS_set=
ac_cv_env_FFLAGS_value=
ac_cv_env_LDFLAGS_set=
ac_cv_env_LDFLAGS_value=
ac_cv_env_LIBS_set=
ac_cv_env_LIBS_value=
ac_cv_env_build_alias_set=
ac_cv_env_build_alias_value=
ac_cv_env_host_alias_set=
ac_cv_env_host_alias_value=
ac_cv_env_target_alias_set=
ac_cv_env_target_alias_value=
ac_cv_path_install='/usr/bin/install -c'
ac_cv_path_mkdir=/usr/bin/mkdir
ac_cv_prog_AWK=mawk
ac_cv_prog_make_make_set=no

## ----------------- ##
## Output variables. ##
## ----------------- ##

ACLOCAL='${SHELL} /home/ts/ta-lib/missing --run aclocal-1.10'
AMDEPBACKSLASH=''
AMDEP_FALSE=''
AMDEP_TRUE=''
AMTAR='${SHELL} /home/ts/ta-lib/missing --run tar'
AR=''
AUTOCONF='${SHELL} /home/ts/ta-lib/missing --run autoconf'
AUTOHEADER='${SHELL} /home/ts/ta-lib/missing --run autoheader'
AUTOMAKE='${SHELL} /home/ts/ta-lib/missing --run automake-1.10'
AWK='mawk'
CC=''
CCDEPMODE=''
CFLAGS=''
CPP=''
CPPFLAGS=''
CXX=''
CXXCPP=''
CXXDEPMODE=''
CXXFLAGS=''
CYGPATH_W='echo'
DEFS=''
DEPDIR=''
ECHO='echo'
ECHO_C=''
ECHO_N='-n'
ECHO_T=''
EGREP=''
EXEEXT=''
F77=''
FFLAGS=''
GREP=''
INSTALL_DATA='${INSTALL} -m 644'
INSTALL_PROGRAM='${INSTALL}'
INSTALL_SCRIPT='${INSTALL}'
INSTALL_STRIP_PROGRAM='$(install_sh) -c -s'
LDFLAGS=''
LIBOBJS=''
LIBS=''
LIBTOOL=''
LN_S=''
LTLIBOBJS=''
MAKEINFO='${SHELL} /home/ts/ta-lib/missing --run makeinfo'
OBJEXT=''
PACKAGE='ta-lib'
PACKAGE_BUGREPORT='http://sourceforge.net/tracker/?group_id=8903&atid=108903'
PACKAGE_NAME='ta-lib'
PACKAGE_STRING='ta-lib 0.4.0'
PACKAGE_TARNAME='ta-lib'
PACKAGE_VERSION='0.4.0'
PATH_SEPARATOR=':'
POW_LIB=''
RANLIB=''
SET_MAKE='MAKE=make'
SHELL='/bin/bash'
STRIP=''
TALIB_LIBRARY_VERSION=''
VERSION='0.4.0'
ac_ct_CC=''
ac_ct_CXX=''
ac_ct_F77=''
am__fastdepCC_FALSE=''
am__fastdepCC_TRUE=''
am__fastdepCXX_FALSE=''
am__fastdepCXX_TRUE=''
am__include=''
am__isrc=''
am__leading_dot='.'
am__quote=''
am__tar='${AMTAR} chof - "$$tardir"'
am__untar='${AMTAR} xf -'
bindir='${exec_prefix}/bin'
build=''
build_alias=''
build_cpu=''
build_os=''
build_vendor=''
datadir='${datarootdir}'
datarootdir='${prefix}/share'
docdir='${datarootdir}/doc/${PACKAGE_TARNAME}'
dvidir='${docdir}'
exec_prefix='NONE'
host=''
host_alias=''
host_cpu=''
host_os=''
host_vendor=''
htmldir='${docdir}'
includedir='${prefix}/include'
infodir='${datarootdir}/info'
install_sh='$(SHELL) /home/ts/ta-lib/install-sh'
libdir='${exec_prefix}/lib'
libexecdir='${exec_prefix}/libexec'
localedir='${datarootdir}/locale'
localstatedir='${prefix}/var'
mandir='${datarootdir}/man'
mkdir_p='/usr/bin/mkdir -p'
oldincludedir='/usr/include'
pdfdir='${docdir}'
prefix='NONE'
program_transform_name='s,x,x,'
psdir='${docdir}'
sbindir='${exec_prefix}/sbin'
sharedstatedir='${prefix}/com'
sysconfdir='${prefix}/etc'
target_alias=''

## ----------- ##
## confdefs.h. ##
## ----------- ##

#define PACKAGE_NAME "ta-lib"
#define PACKAGE_TARNAME "ta-lib"
#define PACKAGE_VERSION "0.4.0"
#define PACKAGE_STRING "ta-lib 0.4.0"
#define PACKAGE_BUGREPORT "http://sourceforge.net/tracker/?group_id=8903&atid=108903"
#define PACKAGE "ta-lib"
#define VERSION "0.4.0"

configure: exit 1
