2026-04-24 22:25:53,568 [INFO] MainRunner: 🔧 初始化核心服务...
2026-04-24 22:25:53,684 [INFO] base_services.config_service: ✅ 配置加载完成 | 文件数: 12 | 策略: deep_update
2026-04-24 22:25:53,686 [INFO] base_services.config_service: 👀 配置热重载监听已启动: /home/ts/app/AiStock/config/dynamic_price (recursive=False)
2026-04-24 22:25:53,686 [INFO] base_services.config_service: ✅ ConfigService 初始化成功 | 系统=dynamic_price | 模式=paper_trading | 热重载=启用 | 加载策略: auto_scan=True, merge=deep_update
2026-04-24 22:25:53,687 [INFO] base_services.cache_service: ✅ 缓存服务初始化成功 | 容量=2000 | TTL=3600s
2026-04-24 22:25:54,067 [INFO] data_services.database_reader: ✅ 数据库引擎 [index_db] 初始化成功
2026-04-24 22:25:54,068 [INFO] data_services.database_reader: ✅ 数据库引擎 [stock_db] 初始化成功
2026-04-24 22:25:54,068 [INFO] data_services.database_reader: ✅ 数据库引擎 [stock_base_db] 初始化成功
2026-04-24 22:25:54,069 [INFO] data_services.database_reader: ✅ 数据库引擎 [stock_fs_db] 初始化成功
2026-04-24 22:25:54,069 [INFO] data_services.database_reader: ✅ 数据库引擎 [index_pe_db] 初始化成功
2026-04-24 22:25:54,563 [INFO] data_services.tdx_adapter: ✅ TDX 接口连接成功（普通+扩展行情）
2026-04-24 22:25:54,564 [INFO] data_services.ak_adapter: ✅ ExternalAPI 初始化成功 | timeout=30s, retry=3
2026-04-24 22:25:54,565 [INFO] data_services.data_loading_service: ✅ 使用外部 CacheService 实例
2026-04-24 22:25:54,565 [INFO] data_services.data_loading_service: ✅ DataLoadingService V6.2 初始化成功 | 缓存=启用 | 复权逻辑已移除
2026-04-24 22:25:54,577 [INFO] dynamic_price_system.core.dynamic_price_engine: ✅ DynamicPriceEngine 初始化成功 | 权重={'technical': 0.4, 'fundamental': 0.35, 'macro': 0.25} | 最小交易日=60
2026-04-24 22:25:54,591 [INFO] dynamic_price_system.portfolio.tracker: ✅ PortfolioTracker 初始化成功 | 初始资金=1,000,000
2026-04-24 22:25:54,591 [INFO] dynamic_price_system.portfolio.risk_manager: ✅ RiskManager 初始化成功
2026-04-24 22:25:54,598 [INFO] analysis.filter_engine: ✅ FilterEngine 初始化 | 规则数: 5
2026-04-24 22:25:54,783 [INFO] visualization.services.visualization_service: ✅ VisualizationService 初始化完成 | 输出: output/visualization
2026-04-24 22:25:54,790 [INFO] MainRunner: ✅ 服务初始化完成
2026-04-24 22:25:54,797 [INFO] analysis.result_repository: ✅ ResultRepository 初始化 | 版本: 20260424 | 目录: output/analysis_results/20260424
2026-04-24 22:25:54,797 [INFO] MainRunner: ✅ 结果仓库初始化 | 目录: output/analysis_results/20260424
2026-04-24 22:25:54,797 [INFO] MainRunner: 🚀 启动动态价格系统 | 阶段: all | 时间: 2026-04-24T22:25:54.797774
2026-04-24 22:25:54,797 [INFO] MainRunner: 📊 阶段 1：批量分析 + 智能筛选 + 结果保存
2026-04-24 22:25:54,797 [INFO] MainRunner: 📋 标的池: 18 只
2026-04-24 22:25:54,798 [INFO] data_services.ak_adapter: 🔄 请求外部数据: OIL -> 布伦特原油 (尝试 1/3)
2026-04-24 22:25:55,664 [INFO] data_services.ak_adapter: ✅ 外部期货获取成功: OIL | 价格=105.011
2026-04-24 22:25:55,669 [INFO] data_services.data_loading_service: ✅ 宏观数据 (外部): brent_crude -> OIL | 价格=105.011
2026-04-24 22:25:55,669 [INFO] data_services.ak_adapter: 🔄 请求外部数据: GC -> COMEX 黄金 (尝试 1/3)
2026-04-24 22:25:56,122 [INFO] data_services.ak_adapter: ✅ 外部期货获取成功: GC | 价格=4743.668
2026-04-24 22:25:56,124 [INFO] data_services.data_loading_service: ✅ 宏观数据 (外部): comex_gold -> GC | 价格=4743.668
2026-04-24 22:25:56,125 [INFO] data_services.ak_adapter: 🔄 请求外部数据: CAD -> LME 铜 (尝试 1/3)
2026-04-24 22:25:56,460 [INFO] data_services.ak_adapter: ✅ 外部期货获取成功: CAD | 价格=13296.1
2026-04-24 22:25:56,462 [INFO] data_services.data_loading_service: ✅ 宏观数据 (外部): lme_copper -> CAD | 价格=13296.1
2026-04-24 22:25:56,463 [INFO] data_services.ak_adapter: 🔄 请求外部数据: NG -> NYMEX 天然气 (尝试 1/3)
2026-04-24 22:25:56,819 [INFO] data_services.ak_adapter: ✅ 外部期货获取成功: NG | 价格=2.985
2026-04-24 22:25:56,822 [INFO] data_services.data_loading_service: ✅ 宏观数据 (外部): nymex_gas -> NG | 价格=2.985
2026-04-24 22:25:56,822 [INFO] data_services.ak_adapter: 🔄 请求外部数据: NID -> LME 镍 (尝试 1/3)
2026-04-24 22:25:57,257 [INFO] data_services.ak_adapter: ✅ 外部期货获取成功: NID | 价格=19020.4
2026-04-24 22:25:57,259 [INFO] data_services.data_loading_service: ✅ 宏观数据 (外部): lme_nickel -> NID | 价格=19020.4
2026-04-24 22:25:57,259 [INFO] data_services.ak_adapter: 🔄 请求外部数据: SI -> COMEX 白银 (尝试 1/3)
2026-04-24 22:25:57,675 [INFO] data_services.ak_adapter: ✅ 外部期货获取成功: SI | 价格=76.532
2026-04-24 22:25:57,678 [INFO] data_services.data_loading_service: ✅ 宏观数据 (外部): comex_silver -> SI | 价格=76.532
2026-04-24 22:26:00,279 [INFO] data_services.ak_adapter: 🔄 请求外部数据: EUA -> EUA 碳排放权 (尝试 1/3)
2026-04-24 22:26:00,666 [INFO] data_services.ak_adapter: ✅ 外部期货获取成功: EUA | 价格=75.271
2026-04-24 22:26:00,669 [INFO] data_services.data_loading_service: ✅ 宏观数据 (外部): eua_carbon -> EUA | 价格=75.271
2026-04-24 22:26:00,669 [INFO] data_services.ak_adapter: 🔄 请求外部数据: C -> CBOT 玉米 (尝试 1/3)
2026-04-24 22:26:01,022 [INFO] data_services.ak_adapter: ✅ 外部期货获取成功: C | 价格=494.225
2026-04-24 22:26:01,025 [INFO] data_services.data_loading_service: ✅ 宏观数据 (外部): corn_price -> C | 价格=494.225
2026-04-24 22:26:01,026 [INFO] data_services.data_loading_service: ✅ 宏观指标批量加载完成: 15/15
2026-04-24 22:26:01,428 [INFO] data_services.data_loading_service: ✅ 股票日线(TDX): 600938 | 300条 | 市场=stock_sh
2026-04-24 22:26:01,886 [INFO] data_services.data_loading_service: ✅ 股票财务(DB): 600938 | 21条
2026-04-24 22:26:02,300 [INFO] data_services.data_loading_service: ✅ 股票日线(TDX): 601857 | 300条 | 市场=stock_sh
2026-04-24 22:26:02,843 [INFO] data_services.data_loading_service: ✅ 股票财务(DB): 601857 | 78条
2026-04-24 22:26:03,544 [INFO] data_services.data_loading_service: ✅ 股票日线(TDX): 600256 | 300条 | 市场=stock_sh
2026-04-24 22:26:04,125 [INFO] data_services.data_loading_service: ✅ 股票财务(DB): 600256 | 99条
2026-04-24 22:26:05,188 [INFO] data_services.data_loading_service: ✅ 股票日线(TDX): 600803 | 300条 | 市场=stock_sh
2026-04-24 22:26:05,782 [INFO] data_services.data_loading_service: ✅ 股票财务(DB): 600803 | 100条
2026-04-24 22:26:06,269 [INFO] data_services.data_loading_service: ✅ 股票日线(TDX): 601808 | 300条 | 市场=stock_sh
2026-04-24 22:26:06,806 [INFO] data_services.data_loading_service: ✅ 股票财务(DB): 601808 | 78条
2026-04-24 22:26:07,298 [INFO] data_services.data_loading_service: ✅ 股票日线(TDX): 002353 | 300条 | 市场=stock_sz
2026-04-24 22:26:07,796 [INFO] data_services.data_loading_service: ✅ 股票财务(DB): 002353 | 69条
2026-04-24 22:26:08,287 [INFO] data_services.data_loading_service: ✅ 股票日线(TDX): 601088 | 300条 | 市场=stock_sh
2026-04-24 22:26:08,879 [INFO] data_services.data_loading_service: ✅ 股票财务(DB): 601088 | 76条
2026-04-24 22:26:09,286 [INFO] data_services.data_loading_service: ✅ 股票日线(TDX): 600426 | 300条 | 市场=stock_sh
2026-04-24 22:26:09,872 [INFO] data_services.data_loading_service: ✅ 股票财务(DB): 600426 | 96条
2026-04-24 22:26:10,279 [INFO] data_services.data_loading_service: ✅ 股票日线(TDX): 600406 | 300条 | 市场=stock_sh
2026-04-24 22:26:10,844 [INFO] data_services.data_loading_service: ✅ 股票财务(DB): 600406 | 91条
2026-04-24 22:26:11,256 [INFO] data_services.data_loading_service: ✅ 股票日线(TDX): 000400 | 300条 | 市场=stock_sz
2026-04-24 22:26:11,873 [INFO] data_services.data_loading_service: ✅ 股票财务(DB): 000400 | 99条
2026-04-24 22:26:12,299 [INFO] data_services.data_loading_service: ✅ 股票日线(TDX): 300750 | 300条 | 市场=stock_sz
2026-04-24 22:26:12,739 [INFO] data_services.data_loading_service: ✅ 股票财务(DB): 300750 | 35条
2026-04-24 22:26:13,143 [INFO] data_services.data_loading_service: ✅ 股票日线(TDX): 300274 | 300条 | 市场=stock_sz
2026-04-24 22:26:13,649 [INFO] data_services.data_loading_service: ✅ 股票财务(DB): 300274 | 61条
2026-04-24 22:26:14,055 [INFO] data_services.data_loading_service: ✅ 股票日线(TDX): 601899 | 300条 | 市场=stock_sh
2026-04-24 22:26:14,583 [INFO] data_services.data_loading_service: ✅ 股票财务(DB): 601899 | 74条
2026-04-24 22:26:14,988 [INFO] data_services.data_loading_service: ✅ 股票日线(TDX): 600489 | 300条 | 市场=stock_sh
2026-04-24 22:26:15,605 [INFO] data_services.data_loading_service: ✅ 股票财务(DB): 600489 | 94条
2026-04-24 22:26:16,011 [INFO] data_services.data_loading_service: ✅ 股票日线(TDX): 600760 | 300条 | 市场=stock_sh
2026-04-24 22:26:16,599 [INFO] data_services.data_loading_service: ✅ 股票财务(DB): 600760 | 99条
2026-04-24 22:26:17,005 [INFO] data_services.data_loading_service: ✅ 股票日线(TDX): 002179 | 300条 | 市场=stock_sz
2026-04-24 22:26:17,554 [INFO] data_services.data_loading_service: ✅ 股票财务(DB): 002179 | 77条
2026-04-24 22:26:17,968 [INFO] data_services.data_loading_service: ✅ 股票日线(TDX): 603019 | 300条 | 市场=stock_sh
2026-04-24 22:26:18,456 [INFO] data_services.data_loading_service: ✅ 股票财务(DB): 603019 | 49条
2026-04-24 22:26:18,866 [INFO] data_services.data_loading_service: ✅ 股票日线(TDX): 600536 | 300条 | 市场=stock_sh
2026-04-24 22:26:19,458 [INFO] data_services.data_loading_service: ✅ 股票财务(DB): 600536 | 96条
2026-04-24 22:26:19,461 [INFO] dynamic_price_system.core.dynamic_price_engine: 🚀 开始批量计算: 18 只标的
2026-04-24 22:26:19,476 [INFO] dynamic_price_system.core.fundamental_calculator: 📉 基本面评分 50.0 < 阈值 60，启用降权因子
2026-04-24 22:26:19,476 [INFO] dynamic_price_system.core.dynamic_price_engine: 📉 600938 基本面评分 50.0 < 阈值 60，启用降权
2026-04-24 22:26:19,477 [INFO] dynamic_price_system.core.dynamic_price_engine: 📊 油气开采 宏观系数: 1.080 | 敏感度=1.7 | 有效指标=2/2
2026-04-24 22:26:19,490 [INFO] dynamic_price_system.core.fundamental_calculator: 📉 基本面评分 50.0 < 阈值 55，启用降权因子
2026-04-24 22:26:19,490 [INFO] dynamic_price_system.core.dynamic_price_engine: 📉 601857 基本面评分 50.0 < 阈值 55，启用降权
2026-04-24 22:26:19,490 [INFO] dynamic_price_system.core.dynamic_price_engine: 📊 油气开采 宏观系数: 1.080 | 敏感度=1.5 | 有效指标=2/2
2026-04-24 22:26:19,503 [INFO] dynamic_price_system.core.dynamic_price_engine: 📊 LNG 宏观系数: 1.053 | 敏感度=1.4 | 有效指标=2/2
2026-04-24 22:26:19,516 [INFO] dynamic_price_system.core.dynamic_price_engine: 📊 LNG 宏观系数: 1.050 | 敏感度=1.3 | 有效指标=2/2
2026-04-24 22:26:19,528 [INFO] dynamic_price_system.core.dynamic_price_engine: 📊 油服 宏观系数: 1.080 | 敏感度=1.2 | 有效指标=2/2
2026-04-24 22:26:19,541 [INFO] dynamic_price_system.core.dynamic_price_engine: 📊 油服 宏观系数: 1.080 | 敏感度=1.3 | 有效指标=2/2
2026-04-24 22:26:19,554 [INFO] dynamic_price_system.core.fundamental_calculator: 📉 基本面评分 50.0 < 阈值 70，启用降权因子
2026-04-24 22:26:19,554 [INFO] dynamic_price_system.core.dynamic_price_engine: 📉 601088 基本面评分 50.0 < 阈值 70，启用降权
2026-04-24 22:26:19,554 [INFO] dynamic_price_system.core.dynamic_price_engine: 📊 煤炭化工 宏观系数: 1.000 | 敏感度=1.4 | 有效指标=3/3
2026-04-24 22:26:19,566 [INFO] dynamic_price_system.core.fundamental_calculator: 📉 基本面评分 50.0 < 阈值 55，启用降权因子
2026-04-24 22:26:19,566 [INFO] dynamic_price_system.core.dynamic_price_engine: 📉 600426 基本面评分 50.0 < 阈值 55，启用降权
2026-04-24 22:26:19,567 [INFO] dynamic_price_system.core.dynamic_price_engine: 📊 煤炭化工 宏观系数: 1.000 | 敏感度=1.1 | 有效指标=3/3
2026-04-24 22:26:19,579 [INFO] dynamic_price_system.core.dynamic_price_engine: 📊 特高压 宏观系数: 1.080 | 敏感度=0.9 | 有效指标=2/2
2026-04-24 22:26:19,592 [INFO] dynamic_price_system.core.dynamic_price_engine: 📊 特高压 宏观系数: 1.080 | 敏感度=0.8 | 有效指标=2/2
2026-04-24 22:26:19,593 [INFO] dynamic_price_system.core.dynamic_price_engine: 📊 批量进度: 10/18 | 成功: 10
2026-04-24 22:26:19,606 [INFO] dynamic_price_system.core.dynamic_price_engine: 📊 新能源 宏观系数: 1.080 | 敏感度=1.1 | 有效指标=3/3
2026-04-24 22:26:19,618 [INFO] dynamic_price_system.core.dynamic_price_engine: 📊 新能源 宏观系数: 1.080 | 敏感度=1.0 | 有效指标=3/3
2026-04-24 22:26:19,632 [INFO] dynamic_price_system.core.dynamic_price_engine: 📊 黄金 宏观系数: 1.080 | 敏感度=1.9 | 有效指标=2/2
2026-04-24 22:26:19,644 [INFO] dynamic_price_system.core.dynamic_price_engine: 📊 黄金 宏观系数: 1.080 | 敏感度=1.8 | 有效指标=2/2
2026-04-24 22:26:19,659 [INFO] dynamic_price_system.core.fundamental_calculator: 📉 基本面评分 50.0 < 阈值 60，启用降权因子
2026-04-24 22:26:19,659 [INFO] dynamic_price_system.core.dynamic_price_engine: 📉 600760 基本面评分 50.0 < 阈值 60，启用降权
2026-04-24 22:26:19,659 [INFO] dynamic_price_system.core.dynamic_price_engine: 📊 军工 宏观系数: 1.054 | 敏感度=0.6 | 有效指标=2/2
2026-04-24 22:26:19,673 [INFO] dynamic_price_system.core.dynamic_price_engine: 📊 军工 宏观系数: 1.063 | 敏感度=0.7 | 有效指标=2/2
2026-04-24 22:26:19,689 [INFO] dynamic_price_system.core.dynamic_price_engine: 📊 政策方向 宏观系数: 1.070 | 敏感度=0.5 | 有效指标=2/2
2026-04-24 22:26:19,702 [INFO] dynamic_price_system.core.dynamic_price_engine: 📊 政策方向 宏观系数: 1.056 | 敏感度=0.4 | 有效指标=2/2
2026-04-24 22:26:19,702 [INFO] dynamic_price_system.core.dynamic_price_engine: 📊 批量进度: 18/18 | 成功: 18
2026-04-24 22:26:19,702 [INFO] dynamic_price_system.core.dynamic_price_engine: ✅ 批量计算完成 | 成功: 18/18
2026-04-24 22:26:19,702 [INFO] MainRunner: ✅ 批量计算完成: 18/18 成功
2026-04-24 22:26:19,703 [INFO] analysis.filter_engine: 🔍 筛选完成: 18 → 18 只 | 规则: debug_all
2026-04-24 22:26:19,730 [INFO] analysis.result_repository: ✅ 保存批量结果: 18 只标的 | output/analysis_results/20260424/batch_results.json
2026-04-24 22:26:19,734 [INFO] analysis.result_repository: ✅ 保存推荐标的: 18 只 | output/analysis_results/20260424/recommended_stocks.json
2026-04-24 22:26:19,734 [INFO] analysis.result_repository: 🔗 创建 latest 软链接 -> 20260424
2026-04-24 22:26:19,735 [INFO] MainRunner: 🎨 开始生成阶段 1 可视化 | 批量: 18 只，推荐: 18 只
2026-04-24 22:26:19,741 [WARNING] MainRunner: ⚠️ 批量对比图生成失败: The truth value of a Series is ambiguous. Use a.empty, a.bool(), a.item(), a.any() or a.all().
2026-04-24 22:26:20,023 [INFO] visualization.core.plotly_renderer: ✅ 导出成功: /home/ts/app/AiStock/output/visualization/phase1/screening_results_20260424.html
2026-04-24 22:26:20,024 [INFO] MainRunner: ✅ 筛选面板: screening_results_20260424.html
2026-04-24 22:26:20,080 [INFO] visualization.phase1.summary_report: ✅ HTML 报告已生成: /home/ts/app/AiStock/output/visualization/phase1/summary_report_20260424.html
2026-04-24 22:26:20,080 [INFO] MainRunner: ✅ 摘要报告: summary_report_20260424.html
2026-04-24 22:26:20,247 [INFO] visualization.core.plotly_renderer: ✅ 导出成功: /home/ts/app/AiStock/output/visualization/phase1/confidence_batch_20260424.html
2026-04-24 22:26:20,247 [INFO] MainRunner: 🎨 阶段 1 可视化完成 | 生成 3 个文件 | 耗时: 0.51s | 平均: 0.17s/图表
2026-04-24 22:26:20,247 [INFO] MainRunner: 📁 查看: output/visualization/phase1
2026-04-24 22:26:20,247 [INFO] MainRunner: ✅ 阶段 1 完成 | 耗时: 25.45s | 推荐: 18 只
2026-04-24 22:26:20,248 [INFO] analysis.result_repository: ✅ 加载推荐标的: 18 只 | 版本: 20260424
2026-04-24 22:26:20,249 [INFO] MainRunner: 🔄 全流程模式：自动选择推荐标的 002353 进行深度分析
2026-04-24 22:26:20,249 [INFO] MainRunner: 🔍 阶段 2：单标深度分析 | 标的: 002353
2026-04-24 22:26:20,331 [INFO] visualization.core.plotly_renderer: ✅ 导出成功: output/visualization/002353_price_interval.html
2026-04-24 22:26:20,411 [INFO] visualization.core.plotly_renderer: ✅ 导出成功: output/visualization/002353_factor_breakdown.html
2026-04-24 22:26:20,477 [INFO] visualization.core.plotly_renderer: ✅ 导出成功: output/visualization/002353_confidence_gauge.html
2026-04-24 22:26:20,686 [INFO] visualization.core.plotly_renderer: ✅ 导出成功: output/visualization/002353_diagnostics_tree.html
2026-04-24 22:26:20,740 [INFO] visualization.core.plotly_renderer: ✅ 导出成功: output/visualization/002353_indicator_scatter.html
2026-04-24 22:26:20,810 [INFO] visualization.core.plotly_renderer: ✅ 导出成功: output/visualization/002353_summary_card.html
2026-04-24 22:26:20,810 [INFO] MainRunner: ✅ 生成 002353 深度分析: ['price_interval', 'factor_breakdown', 'confidence_gauge', 'diagnostics_tree', 'indicator_scatter', 'summary_card']
2026-04-24 22:26:20,810 [INFO] MainRunner: ✅ 阶段 2 完成 | 标的: 002353 | 耗时: 0.56s
2026-04-24 22:26:20,811 [INFO] MainRunner: ⏱️ 总耗时: 26.01s | 🏁 流程执行完毕
2026-04-24 22:26:20,811 [INFO] MainRunner: 🧹 清理服务资源...
2026-04-24 22:26:20,812 [INFO] base_services.config_service: 🛑 配置监听已停止
2026-04-24 22:26:20,813 [INFO] data_services.database_reader: ✅ 所有数据库引擎已关闭
2026-04-24 22:26:20,814 [INFO] data_services.tdx_adapter: ✅ TDX 连接已全部关闭
2026-04-24 22:26:20,814 [INFO] data_services.database_reader: ✅ 所有数据库引擎已关闭
2026-04-24 22:26:20,815 [INFO] data_services.tdx_adapter: ✅ TDX 连接已全部关闭
2026-04-24 22:26:20,815 [INFO] data_services.ak_adapter: ✅ ExternalAPI 缓存已清空
2026-04-24 22:26:20,815 [INFO] data_services.data_loading_service: ✅ DataLoadingService 已关闭
2026-04-24 22:26:20,815 [INFO] MainRunner: ✅ 资源清理完成
2026-04-24 22:41:16,306 [INFO] MainRunner: 🔧 初始化核心服务...
2026-04-24 22:41:16,425 [INFO] base_services.config_service: ✅ 配置加载完成 | 文件数: 12 | 策略: deep_update
2026-04-24 22:41:16,427 [INFO] base_services.config_service: 👀 配置热重载监听已启动: /home/ts/app/AiStock/config/dynamic_price (recursive=False)
2026-04-24 22:41:16,427 [INFO] base_services.config_service: ✅ ConfigService 初始化成功 | 系统=dynamic_price | 模式=paper_trading | 热重载=启用 | 加载策略: auto_scan=True, merge=deep_update
2026-04-24 22:41:16,428 [INFO] base_services.cache_service: ✅ 缓存服务初始化成功 | 容量=2000 | TTL=3600s
2026-04-24 22:41:16,802 [INFO] data_services.database_reader: ✅ 数据库引擎 [index_db] 初始化成功
2026-04-24 22:41:16,802 [INFO] data_services.database_reader: ✅ 数据库引擎 [stock_db] 初始化成功
2026-04-24 22:41:16,803 [INFO] data_services.database_reader: ✅ 数据库引擎 [stock_base_db] 初始化成功
2026-04-24 22:41:16,803 [INFO] data_services.database_reader: ✅ 数据库引擎 [stock_fs_db] 初始化成功
2026-04-24 22:41:16,803 [INFO] data_services.database_reader: ✅ 数据库引擎 [index_pe_db] 初始化成功
2026-04-24 22:41:17,292 [INFO] data_services.tdx_adapter: ✅ TDX 接口连接成功（普通+扩展行情）
2026-04-24 22:41:17,292 [INFO] data_services.ak_adapter: ✅ ExternalAPI 初始化成功 | timeout=30s, retry=3
2026-04-24 22:41:17,293 [INFO] data_services.data_loading_service: ✅ 使用外部 CacheService 实例
2026-04-24 22:41:17,293 [INFO] data_services.data_loading_service: ✅ DataLoadingService V6.2 初始化成功 | 缓存=启用 | 复权逻辑已移除
2026-04-24 22:41:17,305 [INFO] dynamic_price_system.core.dynamic_price_engine: ✅ DynamicPriceEngine 初始化成功 | 权重={'technical': 0.4, 'fundamental': 0.35, 'macro': 0.25} | 最小交易日=60
2026-04-24 22:41:17,319 [INFO] dynamic_price_system.portfolio.tracker: ✅ PortfolioTracker 初始化成功 | 初始资金=1,000,000
2026-04-24 22:41:17,319 [INFO] dynamic_price_system.portfolio.risk_manager: ✅ RiskManager 初始化成功
2026-04-24 22:41:17,328 [INFO] analysis.filter_engine: ✅ FilterEngine 初始化 | 规则数: 5
2026-04-24 22:41:17,517 [INFO] visualization.services.visualization_service: ✅ VisualizationService 初始化完成 | 输出: output/visualization
2026-04-24 22:41:17,524 [INFO] MainRunner: ✅ 服务初始化完成
2026-04-24 22:41:17,532 [INFO] analysis.result_repository: ✅ ResultRepository 初始化 | 版本: 20260424 | 目录: output/analysis_results/20260424
2026-04-24 22:41:17,532 [INFO] MainRunner: ✅ 结果仓库初始化 | 目录: output/analysis_results/20260424
2026-04-24 22:41:17,532 [INFO] MainRunner: 🚀 启动动态价格系统 | 阶段: all | 时间: 2026-04-24T22:41:17.532519
2026-04-24 22:41:17,532 [INFO] MainRunner: 📊 阶段 1：批量分析 + 智能筛选 + 结果保存
2026-04-24 22:41:17,532 [INFO] MainRunner: 📋 标的池: 18 只
2026-04-24 22:41:17,532 [INFO] data_services.ak_adapter: 🔄 请求外部数据: OIL -> 布伦特原油 (尝试 1/3)
2026-04-24 22:41:18,317 [INFO] data_services.ak_adapter: ✅ 外部期货获取成功: OIL | 价格=104.594
2026-04-24 22:41:18,323 [INFO] data_services.data_loading_service: ✅ 宏观数据 (外部): brent_crude -> OIL | 价格=104.594
2026-04-24 22:41:18,323 [INFO] data_services.ak_adapter: 🔄 请求外部数据: GC -> COMEX 黄金 (尝试 1/3)
2026-04-24 22:41:18,733 [INFO] data_services.ak_adapter: ✅ 外部期货获取成功: GC | 价格=4748.467
2026-04-24 22:41:18,736 [INFO] data_services.data_loading_service: ✅ 宏观数据 (外部): comex_gold -> GC | 价格=4748.467
2026-04-24 22:41:18,736 [INFO] data_services.ak_adapter: 🔄 请求外部数据: CAD -> LME 铜 (尝试 1/3)
2026-04-24 22:41:19,171 [INFO] data_services.ak_adapter: ✅ 外部期货获取成功: CAD | 价格=13312.96
2026-04-24 22:41:19,174 [INFO] data_services.data_loading_service: ✅ 宏观数据 (外部): lme_copper -> CAD | 价格=13312.96
2026-04-24 22:41:19,174 [INFO] data_services.ak_adapter: 🔄 请求外部数据: NG -> NYMEX 天然气 (尝试 1/3)
2026-04-24 22:41:19,531 [INFO] data_services.ak_adapter: ✅ 外部期货获取成功: NG | 价格=2.967
2026-04-24 22:41:19,533 [INFO] data_services.data_loading_service: ✅ 宏观数据 (外部): nymex_gas -> NG | 价格=2.967
2026-04-24 22:41:19,534 [INFO] data_services.ak_adapter: 🔄 请求外部数据: NID -> LME 镍 (尝试 1/3)
2026-04-24 22:41:19,890 [INFO] data_services.ak_adapter: ✅ 外部期货获取成功: NID | 价格=18995.5
2026-04-24 22:41:19,892 [INFO] data_services.data_loading_service: ✅ 宏观数据 (外部): lme_nickel -> NID | 价格=18995.5
2026-04-24 22:41:19,893 [INFO] data_services.ak_adapter: 🔄 请求外部数据: SI -> COMEX 白银 (尝试 1/3)
2026-04-24 22:41:20,265 [INFO] data_services.ak_adapter: ✅ 外部期货获取成功: SI | 价格=76.579
2026-04-24 22:41:20,268 [INFO] data_services.data_loading_service: ✅ 宏观数据 (外部): comex_silver -> SI | 价格=76.579
2026-04-24 22:41:24,035 [INFO] data_services.ak_adapter: 🔄 请求外部数据: EUA -> EUA 碳排放权 (尝试 1/3)
2026-04-24 22:41:24,376 [INFO] data_services.ak_adapter: ✅ 外部期货获取成功: EUA | 价格=74.902
2026-04-24 22:41:24,378 [INFO] data_services.data_loading_service: ✅ 宏观数据 (外部): eua_carbon -> EUA | 价格=74.902
2026-04-24 22:41:24,379 [INFO] data_services.ak_adapter: 🔄 请求外部数据: C -> CBOT 玉米 (尝试 1/3)
2026-04-24 22:41:24,714 [INFO] data_services.ak_adapter: ✅ 外部期货获取成功: C | 价格=494.23
2026-04-24 22:41:24,717 [INFO] data_services.data_loading_service: ✅ 宏观数据 (外部): corn_price -> C | 价格=494.23
2026-04-24 22:41:24,717 [INFO] data_services.data_loading_service: ✅ 宏观指标批量加载完成: 15/15
2026-04-24 22:41:25,286 [INFO] data_services.data_loading_service: ✅ 股票日线(TDX): 600938 | 300条 | 市场=stock_sh
2026-04-24 22:41:25,732 [INFO] data_services.data_loading_service: ✅ 股票财务(DB): 600938 | 21条
2026-04-24 22:41:26,516 [INFO] data_services.data_loading_service: ✅ 股票日线(TDX): 601857 | 300条 | 市场=stock_sh
2026-04-24 22:41:27,124 [INFO] data_services.data_loading_service: ✅ 股票财务(DB): 601857 | 78条
2026-04-24 22:41:28,560 [INFO] data_services.data_loading_service: ✅ 股票日线(TDX): 600256 | 300条 | 市场=stock_sh
2026-04-24 22:41:29,206 [INFO] data_services.data_loading_service: ✅ 股票财务(DB): 600256 | 99条
2026-04-24 22:41:29,692 [INFO] data_services.data_loading_service: ✅ 股票日线(TDX): 600803 | 300条 | 市场=stock_sh
2026-04-24 22:41:30,325 [INFO] data_services.data_loading_service: ✅ 股票财务(DB): 600803 | 100条
2026-04-24 22:41:30,932 [INFO] data_services.data_loading_service: ✅ 股票日线(TDX): 601808 | 300条 | 市场=stock_sh
2026-04-24 22:41:31,472 [INFO] data_services.data_loading_service: ✅ 股票财务(DB): 601808 | 78条
2026-04-24 22:41:32,308 [INFO] data_services.data_loading_service: ✅ 股票日线(TDX): 002353 | 300条 | 市场=stock_sz
2026-04-24 22:41:32,807 [INFO] data_services.data_loading_service: ✅ 股票财务(DB): 002353 | 69条
2026-04-24 22:41:33,296 [INFO] data_services.data_loading_service: ✅ 股票日线(TDX): 601088 | 300条 | 市场=stock_sh
2026-04-24 22:41:33,868 [INFO] data_services.data_loading_service: ✅ 股票财务(DB): 601088 | 76条
2026-04-24 22:41:34,672 [INFO] data_services.data_loading_service: ✅ 股票日线(TDX): 600426 | 300条 | 市场=stock_sh
2026-04-24 22:41:35,257 [INFO] data_services.data_loading_service: ✅ 股票财务(DB): 600426 | 96条
2026-04-24 22:41:35,994 [INFO] data_services.data_loading_service: ✅ 股票日线(TDX): 600406 | 300条 | 市场=stock_sh
2026-04-24 22:41:36,556 [INFO] data_services.data_loading_service: ✅ 股票财务(DB): 600406 | 91条
2026-04-24 22:41:37,393 [INFO] data_services.data_loading_service: ✅ 股票日线(TDX): 000400 | 300条 | 市场=stock_sz
2026-04-24 22:41:37,998 [INFO] data_services.data_loading_service: ✅ 股票财务(DB): 000400 | 99条
2026-04-24 22:41:39,180 [INFO] data_services.data_loading_service: ✅ 股票日线(TDX): 300750 | 300条 | 市场=stock_sz
2026-04-24 22:41:39,617 [INFO] data_services.data_loading_service: ✅ 股票财务(DB): 300750 | 35条
2026-04-24 22:41:40,189 [INFO] data_services.data_loading_service: ✅ 股票日线(TDX): 300274 | 300条 | 市场=stock_sz
2026-04-24 22:41:40,692 [INFO] data_services.data_loading_service: ✅ 股票财务(DB): 300274 | 61条
2026-04-24 22:41:41,494 [INFO] data_services.data_loading_service: ✅ 股票日线(TDX): 601899 | 300条 | 市场=stock_sh
2026-04-24 22:41:42,021 [INFO] data_services.data_loading_service: ✅ 股票财务(DB): 601899 | 74条
2026-04-24 22:41:43,052 [INFO] data_services.data_loading_service: ✅ 股票日线(TDX): 600489 | 300条 | 市场=stock_sh
2026-04-24 22:41:43,670 [INFO] data_services.data_loading_service: ✅ 股票财务(DB): 600489 | 94条
2026-04-24 22:41:44,326 [INFO] data_services.data_loading_service: ✅ 股票日线(TDX): 600760 | 300条 | 市场=stock_sh
2026-04-24 22:41:44,912 [INFO] data_services.data_loading_service: ✅ 股票财务(DB): 600760 | 99条
2026-04-24 22:41:46,097 [INFO] data_services.data_loading_service: ✅ 股票日线(TDX): 002179 | 300条 | 市场=stock_sz
2026-04-24 22:41:46,620 [INFO] data_services.data_loading_service: ✅ 股票财务(DB): 002179 | 77条
2026-04-24 22:41:48,340 [INFO] data_services.data_loading_service: ✅ 股票日线(TDX): 603019 | 300条 | 市场=stock_sh
2026-04-24 22:41:48,847 [INFO] data_services.data_loading_service: ✅ 股票财务(DB): 603019 | 49条
2026-04-24 22:41:49,837 [INFO] data_services.data_loading_service: ✅ 股票日线(TDX): 600536 | 300条 | 市场=stock_sh
2026-04-24 22:41:50,455 [INFO] data_services.data_loading_service: ✅ 股票财务(DB): 600536 | 96条
2026-04-24 22:41:50,458 [INFO] dynamic_price_system.core.dynamic_price_engine: 🚀 开始批量计算: 18 只标的
2026-04-24 22:41:50,473 [INFO] dynamic_price_system.core.fundamental_calculator: 📉 基本面评分 50.0 < 阈值 60，启用降权因子
2026-04-24 22:41:50,474 [INFO] dynamic_price_system.core.dynamic_price_engine: 📉 600938 基本面评分 50.0 < 阈值 60，启用降权
2026-04-24 22:41:50,474 [INFO] dynamic_price_system.core.dynamic_price_engine: 📊 油气开采 宏观系数: 1.080 | 敏感度=1.7 | 有效指标=2/2
2026-04-24 22:41:50,490 [INFO] dynamic_price_system.core.fundamental_calculator: 📉 基本面评分 50.0 < 阈值 55，启用降权因子
2026-04-24 22:41:50,490 [INFO] dynamic_price_system.core.dynamic_price_engine: 📉 601857 基本面评分 50.0 < 阈值 55，启用降权
2026-04-24 22:41:50,490 [INFO] dynamic_price_system.core.dynamic_price_engine: 📊 油气开采 宏观系数: 1.080 | 敏感度=1.5 | 有效指标=2/2
2026-04-24 22:41:50,506 [INFO] dynamic_price_system.core.dynamic_price_engine: 📊 LNG 宏观系数: 1.052 | 敏感度=1.4 | 有效指标=2/2
2026-04-24 22:41:50,522 [INFO] dynamic_price_system.core.dynamic_price_engine: 📊 LNG 宏观系数: 1.049 | 敏感度=1.3 | 有效指标=2/2
2026-04-24 22:41:50,541 [INFO] dynamic_price_system.core.dynamic_price_engine: 📊 油服 宏观系数: 1.080 | 敏感度=1.2 | 有效指标=2/2
2026-04-24 22:41:50,557 [INFO] dynamic_price_system.core.dynamic_price_engine: 📊 油服 宏观系数: 1.080 | 敏感度=1.3 | 有效指标=2/2
2026-04-24 22:41:50,574 [INFO] dynamic_price_system.core.fundamental_calculator: 📉 基本面评分 50.0 < 阈值 70，启用降权因子
2026-04-24 22:41:50,574 [INFO] dynamic_price_system.core.dynamic_price_engine: 📉 601088 基本面评分 50.0 < 阈值 70，启用降权
2026-04-24 22:41:50,575 [INFO] dynamic_price_system.core.dynamic_price_engine: 📊 煤炭化工 宏观系数: 1.000 | 敏感度=1.4 | 有效指标=3/3
2026-04-24 22:41:50,589 [INFO] dynamic_price_system.core.fundamental_calculator: 📉 基本面评分 50.0 < 阈值 55，启用降权因子
2026-04-24 22:41:50,590 [INFO] dynamic_price_system.core.dynamic_price_engine: 📉 600426 基本面评分 50.0 < 阈值 55，启用降权
2026-04-24 22:41:50,590 [INFO] dynamic_price_system.core.dynamic_price_engine: 📊 煤炭化工 宏观系数: 1.000 | 敏感度=1.1 | 有效指标=3/3
2026-04-24 22:41:50,605 [INFO] dynamic_price_system.core.dynamic_price_engine: 📊 特高压 宏观系数: 1.080 | 敏感度=0.9 | 有效指标=2/2
2026-04-24 22:41:50,619 [INFO] dynamic_price_system.core.dynamic_price_engine: 📊 特高压 宏观系数: 1.080 | 敏感度=0.8 | 有效指标=2/2
2026-04-24 22:41:50,620 [INFO] dynamic_price_system.core.dynamic_price_engine: 📊 批量进度: 10/18 | 成功: 10
2026-04-24 22:41:50,635 [INFO] dynamic_price_system.core.dynamic_price_engine: 📊 新能源 宏观系数: 1.080 | 敏感度=1.1 | 有效指标=3/3
2026-04-24 22:41:50,649 [INFO] dynamic_price_system.core.dynamic_price_engine: 📊 新能源 宏观系数: 1.080 | 敏感度=1.0 | 有效指标=3/3
2026-04-24 22:41:50,662 [INFO] dynamic_price_system.core.dynamic_price_engine: 📊 黄金 宏观系数: 1.080 | 敏感度=1.9 | 有效指标=2/2
2026-04-24 22:41:50,676 [INFO] dynamic_price_system.core.dynamic_price_engine: 📊 黄金 宏观系数: 1.080 | 敏感度=1.8 | 有效指标=2/2
2026-04-24 22:41:50,690 [INFO] dynamic_price_system.core.fundamental_calculator: 📉 基本面评分 50.0 < 阈值 60，启用降权因子
2026-04-24 22:41:50,690 [INFO] dynamic_price_system.core.dynamic_price_engine: 📉 600760 基本面评分 50.0 < 阈值 60，启用降权
2026-04-24 22:41:50,690 [INFO] dynamic_price_system.core.dynamic_price_engine: 📊 军工 宏观系数: 1.054 | 敏感度=0.6 | 有效指标=2/2
2026-04-24 22:41:50,704 [INFO] dynamic_price_system.core.dynamic_price_engine: 📊 军工 宏观系数: 1.063 | 敏感度=0.7 | 有效指标=2/2
2026-04-24 22:41:50,717 [INFO] dynamic_price_system.core.dynamic_price_engine: 📊 政策方向 宏观系数: 1.070 | 敏感度=0.5 | 有效指标=2/2
2026-04-24 22:41:50,731 [INFO] dynamic_price_system.core.dynamic_price_engine: 📊 政策方向 宏观系数: 1.056 | 敏感度=0.4 | 有效指标=2/2
2026-04-24 22:41:50,740 [INFO] dynamic_price_system.core.dynamic_price_engine: 📊 批量进度: 18/18 | 成功: 18
2026-04-24 22:41:50,740 [INFO] dynamic_price_system.core.dynamic_price_engine: ✅ 批量计算完成 | 成功: 18/18
2026-04-24 22:41:50,740 [INFO] MainRunner: ✅ 批量计算完成: 18/18 成功
2026-04-24 22:41:50,740 [INFO] analysis.filter_engine: 🔍 筛选完成: 18 → 18 只 | 规则: debug_all
2026-04-24 22:41:50,786 [INFO] analysis.result_repository: ✅ 保存批量结果: 18 只标的 | output/analysis_results/20260424/batch_results.json
2026-04-24 22:41:50,789 [INFO] analysis.result_repository: ✅ 保存推荐标的: 18 只 | output/analysis_results/20260424/recommended_stocks.json
2026-04-24 22:41:50,790 [INFO] analysis.result_repository: 🔗 创建 latest 软链接 -> 20260424
2026-04-24 22:41:50,790 [INFO] MainRunner: 🎨 开始生成阶段 1 可视化 | 批量: 18 只，推荐: 18 只
2026-04-24 22:41:50,796 [WARNING] MainRunner: ⚠️ 批量对比图生成失败: The truth value of a Series is ambiguous. Use a.empty, a.bool(), a.item(), a.any() or a.all().
2026-04-24 22:41:51,083 [INFO] visualization.core.plotly_renderer: ✅ 导出成功: /home/ts/app/AiStock/output/visualization/phase1/screening_results_20260424.html
2026-04-24 22:41:51,083 [INFO] MainRunner: ✅ 筛选面板: screening_results_20260424.html
2026-04-24 22:41:51,140 [INFO] visualization.phase1.summary_report: ✅ HTML 报告已生成: /home/ts/app/AiStock/output/visualization/phase1/summary_report_20260424.html
2026-04-24 22:41:51,140 [INFO] MainRunner: ✅ 摘要报告: summary_report_20260424.html
2026-04-24 22:41:51,310 [INFO] visualization.core.plotly_renderer: ✅ 导出成功: /home/ts/app/AiStock/output/visualization/phase1/confidence_batch_20260424.html
2026-04-24 22:41:51,310 [INFO] MainRunner: 🎨 阶段 1 可视化完成 | 生成 3 个文件 | 耗时: 0.52s | 平均: 0.17s/图表
2026-04-24 22:41:51,311 [INFO] MainRunner: 📁 查看: output/visualization/phase1
2026-04-24 22:41:51,311 [INFO] MainRunner: ✅ 阶段 1 完成 | 耗时: 33.78s | 推荐: 18 只
2026-04-24 22:41:51,312 [INFO] analysis.result_repository: ✅ 加载推荐标的: 18 只 | 版本: 20260424
2026-04-24 22:41:51,312 [INFO] MainRunner: 🔄 全流程模式：自动选择推荐标的 002353 进行深度分析
2026-04-24 22:41:51,312 [INFO] MainRunner: 🔍 阶段 2：单标深度分析 | 标的: 002353
2026-04-24 22:41:51,396 [INFO] visualization.core.plotly_renderer: ✅ 导出成功: output/visualization/002353_price_interval.html
2026-04-24 22:41:51,477 [INFO] visualization.core.plotly_renderer: ✅ 导出成功: output/visualization/002353_factor_breakdown.html
2026-04-24 22:41:51,540 [INFO] visualization.core.plotly_renderer: ✅ 导出成功: output/visualization/002353_confidence_gauge.html
2026-04-24 22:41:51,733 [INFO] visualization.core.plotly_renderer: ✅ 导出成功: output/visualization/002353_diagnostics_tree.html
2026-04-24 22:41:51,784 [INFO] visualization.core.plotly_renderer: ✅ 导出成功: output/visualization/002353_indicator_scatter.html
2026-04-24 22:41:51,859 [INFO] visualization.core.plotly_renderer: ✅ 导出成功: output/visualization/002353_summary_card.html
2026-04-24 22:41:51,859 [INFO] MainRunner: ✅ 生成 002353 深度分析: ['price_interval', 'factor_breakdown', 'confidence_gauge', 'diagnostics_tree', 'indicator_scatter', 'summary_card']
2026-04-24 22:41:51,859 [INFO] MainRunner: ✅ 阶段 2 完成 | 标的: 002353 | 耗时: 0.55s
2026-04-24 22:41:51,860 [INFO] MainRunner: ⏱️ 总耗时: 34.33s | 🏁 流程执行完毕
2026-04-24 22:41:51,860 [INFO] MainRunner: 🧹 清理服务资源...
2026-04-24 22:41:51,861 [INFO] base_services.config_service: 🛑 配置监听已停止
2026-04-24 22:41:51,863 [INFO] data_services.database_reader: ✅ 所有数据库引擎已关闭
2026-04-24 22:41:51,863 [INFO] data_services.tdx_adapter: ✅ TDX 连接已全部关闭
2026-04-24 22:41:51,864 [INFO] data_services.database_reader: ✅ 所有数据库引擎已关闭
2026-04-24 22:41:51,864 [INFO] data_services.tdx_adapter: ✅ TDX 连接已全部关闭
2026-04-24 22:41:51,864 [INFO] data_services.ak_adapter: ✅ ExternalAPI 缓存已清空
2026-04-24 22:41:51,864 [INFO] data_services.data_loading_service: ✅ DataLoadingService 已关闭
2026-04-24 22:41:51,865 [INFO] MainRunner: ✅ 资源清理完成
2026-04-24 22:45:14,141 [INFO] MainRunner: 🔧 初始化核心服务...
2026-04-24 22:45:14,257 [INFO] base_services.config_service: ✅ 配置加载完成 | 文件数: 12 | 策略: deep_update
2026-04-24 22:45:14,261 [INFO] base_services.config_service: 👀 配置热重载监听已启动: /home/ts/app/AiStock/config/dynamic_price (recursive=False)
2026-04-24 22:45:14,261 [INFO] base_services.config_service: ✅ ConfigService 初始化成功 | 系统=dynamic_price | 模式=paper_trading | 热重载=启用 | 加载策略: auto_scan=True, merge=deep_update
2026-04-24 22:45:14,262 [INFO] base_services.cache_service: ✅ 缓存服务初始化成功 | 容量=2000 | TTL=3600s
2026-04-24 22:45:14,649 [INFO] data_services.database_reader: ✅ 数据库引擎 [index_db] 初始化成功
2026-04-24 22:45:14,649 [INFO] data_services.database_reader: ✅ 数据库引擎 [stock_db] 初始化成功
2026-04-24 22:45:14,650 [INFO] data_services.database_reader: ✅ 数据库引擎 [stock_base_db] 初始化成功
2026-04-24 22:45:14,650 [INFO] data_services.database_reader: ✅ 数据库引擎 [stock_fs_db] 初始化成功
2026-04-24 22:45:14,651 [INFO] data_services.database_reader: ✅ 数据库引擎 [index_pe_db] 初始化成功
2026-04-24 22:45:15,127 [INFO] data_services.tdx_adapter: ✅ TDX 接口连接成功（普通+扩展行情）
2026-04-24 22:45:15,128 [INFO] data_services.ak_adapter: ✅ ExternalAPI 初始化成功 | timeout=30s, retry=3
2026-04-24 22:45:15,129 [INFO] data_services.data_loading_service: ✅ 使用外部 CacheService 实例
2026-04-24 22:45:15,129 [INFO] data_services.data_loading_service: ✅ DataLoadingService V6.2 初始化成功 | 缓存=启用 | 复权逻辑已移除
2026-04-24 22:45:15,143 [INFO] dynamic_price_system.core.dynamic_price_engine: ✅ DynamicPriceEngine 初始化成功 | 权重={'technical': 0.4, 'fundamental': 0.35, 'macro': 0.25} | 最小交易日=60
2026-04-24 22:45:15,158 [INFO] dynamic_price_system.portfolio.tracker: ✅ PortfolioTracker 初始化成功 | 初始资金=1,000,000
2026-04-24 22:45:15,159 [INFO] dynamic_price_system.portfolio.risk_manager: ✅ RiskManager 初始化成功
2026-04-24 22:45:15,166 [INFO] analysis.filter_engine: ✅ FilterEngine 初始化 | 规则数: 5
2026-04-24 22:45:15,354 [INFO] visualization.services.visualization_service: ✅ VisualizationService 初始化完成 | 输出: output/visualization
2026-04-24 22:45:15,360 [INFO] MainRunner: ✅ 服务初始化完成
2026-04-24 22:45:15,367 [INFO] analysis.result_repository: ✅ ResultRepository 初始化 | 版本: 20260424 | 目录: output/analysis_results/20260424
2026-04-24 22:45:15,367 [INFO] MainRunner: ✅ 结果仓库初始化 | 目录: output/analysis_results/20260424
2026-04-24 22:45:15,368 [INFO] MainRunner: 🚀 启动动态价格系统 | 阶段: 2 | 时间: 2026-04-24T22:45:15.368008
2026-04-24 22:45:15,368 [INFO] MainRunner: 🔍 阶段 2：单标深度分析 | 标的: 002353
2026-04-24 22:45:15,778 [INFO] data_services.data_loading_service: ✅ 股票日线(TDX): 002353 | 300条 | 市场=stock_sz
2026-04-24 22:45:16,353 [INFO] data_services.data_loading_service: ✅ 股票财务(DB): 002353 | 69条
2026-04-24 22:45:16,357 [INFO] MainRunner: 📦 解析 --charts all → 生成 6 个深度图表
2026-04-24 22:45:16,608 [INFO] visualization.core.plotly_renderer: ✅ 导出成功: output/visualization/002353_price_interval.html
2026-04-24 22:45:16,738 [INFO] visualization.core.plotly_renderer: ✅ 导出成功: output/visualization/002353_factor_breakdown.html
2026-04-24 22:45:16,800 [INFO] visualization.core.plotly_renderer: ✅ 导出成功: output/visualization/002353_confidence_gauge.html
2026-04-24 22:45:16,991 [INFO] visualization.core.plotly_renderer: ✅ 导出成功: output/visualization/002353_diagnostics_tree.html
2026-04-24 22:45:17,047 [INFO] visualization.core.plotly_renderer: ✅ 导出成功: output/visualization/002353_indicator_scatter.html
2026-04-24 22:45:17,121 [INFO] visualization.core.plotly_renderer: ✅ 导出成功: output/visualization/002353_summary_card.html
2026-04-24 22:45:17,121 [INFO] MainRunner: ✅ 生成 002353 深度分析: ['price_interval', 'factor_breakdown', 'confidence_gauge', 'diagnostics_tree', 'indicator_scatter', 'summary_card']
2026-04-24 22:45:17,121 [INFO] MainRunner: ✅ 阶段 2 完成 | 标的: 002353 | 耗时: 1.75s
2026-04-24 22:45:17,121 [INFO] MainRunner: ⏱️ 总耗时: 1.75s | 🏁 流程执行完毕
2026-04-24 22:45:17,121 [INFO] MainRunner: 🧹 清理服务资源...
2026-04-24 22:45:17,122 [INFO] base_services.config_service: 🛑 配置监听已停止
2026-04-24 22:45:17,124 [INFO] data_services.database_reader: ✅ 所有数据库引擎已关闭
2026-04-24 22:45:17,125 [INFO] data_services.tdx_adapter: ✅ TDX 连接已全部关闭
2026-04-24 22:45:17,125 [INFO] data_services.database_reader: ✅ 所有数据库引擎已关闭
2026-04-24 22:45:17,126 [INFO] data_services.tdx_adapter: ✅ TDX 连接已全部关闭
2026-04-24 22:45:17,126 [INFO] data_services.ak_adapter: ✅ ExternalAPI 缓存已清空
2026-04-24 22:45:17,126 [INFO] data_services.data_loading_service: ✅ DataLoadingService 已关闭
2026-04-24 22:45:17,126 [INFO] MainRunner: ✅ 资源清理完成
2026-04-24 22:58:59,105 [INFO] MainRunner: 🔧 初始化核心服务...
2026-04-24 22:58:59,224 [INFO] base_services.config_service: ✅ 配置加载完成 | 文件数: 12 | 策略: deep_update
2026-04-24 22:58:59,226 [INFO] base_services.config_service: 👀 配置热重载监听已启动: /home/ts/app/AiStock/config/dynamic_price (recursive=False)
2026-04-24 22:58:59,226 [INFO] base_services.config_service: ✅ ConfigService 初始化成功 | 系统=dynamic_price | 模式=paper_trading | 热重载=启用 | 加载策略: auto_scan=True, merge=deep_update
2026-04-24 22:58:59,227 [INFO] base_services.cache_service: ✅ 缓存服务初始化成功 | 容量=2000 | TTL=3600s
2026-04-24 22:58:59,609 [INFO] data_services.database_reader: ✅ 数据库引擎 [index_db] 初始化成功
2026-04-24 22:58:59,610 [INFO] data_services.database_reader: ✅ 数据库引擎 [stock_db] 初始化成功
2026-04-24 22:58:59,610 [INFO] data_services.database_reader: ✅ 数据库引擎 [stock_base_db] 初始化成功
2026-04-24 22:58:59,611 [INFO] data_services.database_reader: ✅ 数据库引擎 [stock_fs_db] 初始化成功
2026-04-24 22:58:59,611 [INFO] data_services.database_reader: ✅ 数据库引擎 [index_pe_db] 初始化成功
2026-04-24 22:59:00,096 [INFO] data_services.tdx_adapter: ✅ TDX 接口连接成功（普通+扩展行情）
2026-04-24 22:59:00,096 [INFO] data_services.ak_adapter: ✅ ExternalAPI 初始化成功 | timeout=30s, retry=3
2026-04-24 22:59:00,097 [INFO] data_services.data_loading_service: ✅ 使用外部 CacheService 实例
2026-04-24 22:59:00,097 [INFO] data_services.data_loading_service: ✅ DataLoadingService V6.2 初始化成功 | 缓存=启用 | 复权逻辑已移除
2026-04-24 22:59:00,109 [INFO] dynamic_price_system.core.dynamic_price_engine: ✅ DynamicPriceEngine 初始化成功 | 权重={'technical': 0.4, 'fundamental': 0.35, 'macro': 0.25} | 最小交易日=60
2026-04-24 22:59:00,122 [INFO] dynamic_price_system.portfolio.tracker: ✅ PortfolioTracker 初始化成功 | 初始资金=1,000,000
2026-04-24 22:59:00,122 [INFO] dynamic_price_system.portfolio.risk_manager: ✅ RiskManager 初始化成功
2026-04-24 22:59:00,130 [INFO] analysis.filter_engine: ✅ FilterEngine 初始化 | 规则数: 5
2026-04-24 22:59:00,320 [INFO] visualization.services.visualization_service: ✅ VisualizationService 初始化完成 | 输出: output/visualization
2026-04-24 22:59:00,327 [INFO] MainRunner: ✅ 服务初始化完成
2026-04-24 22:59:00,335 [INFO] analysis.result_repository: ✅ ResultRepository 初始化 | 版本: 20260424 | 目录: output/analysis_results/20260424
2026-04-24 22:59:00,335 [INFO] MainRunner: ✅ 结果仓库初始化 | 目录: output/analysis_results/20260424
2026-04-24 22:59:00,335 [INFO] MainRunner: 🚀 启动动态价格系统 | 阶段: 2 | 时间: 2026-04-24T22:59:00.335466
2026-04-24 22:59:00,335 [INFO] MainRunner: 🔍 阶段 2：单标深度分析 | 标的: 002353
2026-04-24 22:59:00,748 [INFO] data_services.data_loading_service: ✅ 股票日线(TDX): 002353 | 300条 | 市场=stock_sz
2026-04-24 22:59:01,318 [INFO] data_services.data_loading_service: ✅ 股票财务(DB): 002353 | 69条
2026-04-24 22:59:01,322 [INFO] MainRunner: 📦 解析 --charts all → 生成 6 个深度图表
2026-04-24 22:59:01,322 [INFO] MainRunner: 📁 阶段 2 输出目录已切换: output/visualization/phase2
2026-04-24 22:59:01,567 [INFO] visualization.core.plotly_renderer: ✅ 导出成功: /home/ts/app/AiStock/output/visualization/phase2/002353_price_interval.html
2026-04-24 22:59:01,682 [INFO] visualization.core.plotly_renderer: ✅ 导出成功: /home/ts/app/AiStock/output/visualization/phase2/002353_factor_breakdown.html
2026-04-24 22:59:01,743 [INFO] visualization.core.plotly_renderer: ✅ 导出成功: /home/ts/app/AiStock/output/visualization/phase2/002353_confidence_gauge.html
2026-04-24 22:59:01,937 [INFO] visualization.core.plotly_renderer: ✅ 导出成功: /home/ts/app/AiStock/output/visualization/phase2/002353_diagnostics_tree.html
2026-04-24 22:59:01,986 [INFO] visualization.core.plotly_renderer: ✅ 导出成功: /home/ts/app/AiStock/output/visualization/phase2/002353_indicator_scatter.html
2026-04-24 22:59:02,052 [INFO] visualization.core.plotly_renderer: ✅ 导出成功: /home/ts/app/AiStock/output/visualization/phase2/002353_summary_card.html
2026-04-24 22:59:02,052 [INFO] MainRunner: ✅ 生成 002353 深度分析: ['price_interval', 'factor_breakdown', 'confidence_gauge', 'diagnostics_tree', 'indicator_scatter', 'summary_card']
2026-04-24 22:59:02,052 [INFO] MainRunner: ⏱️ 总耗时: 1.72s | 🏁 流程执行完毕
2026-04-24 22:59:02,052 [INFO] MainRunner: 🧹 清理服务资源...
2026-04-24 22:59:02,053 [INFO] base_services.config_service: 🛑 配置监听已停止
2026-04-24 22:59:02,065 [INFO] data_services.database_reader: ✅ 所有数据库引擎已关闭
2026-04-24 22:59:02,065 [INFO] data_services.tdx_adapter: ✅ TDX 连接已全部关闭
2026-04-24 22:59:02,066 [INFO] data_services.database_reader: ✅ 所有数据库引擎已关闭
2026-04-24 22:59:02,066 [INFO] data_services.tdx_adapter: ✅ TDX 连接已全部关闭
2026-04-24 22:59:02,066 [INFO] data_services.ak_adapter: ✅ ExternalAPI 缓存已清空
2026-04-24 22:59:02,066 [INFO] data_services.data_loading_service: ✅ DataLoadingService 已关闭
2026-04-24 22:59:02,066 [INFO] MainRunner: ✅ 资源清理完成
2026-04-24 23:12:06,062 [INFO] MainRunner: 🔧 初始化核心服务...
2026-04-24 23:12:06,179 [INFO] base_services.config_service: ✅ 配置加载完成 | 文件数: 12 | 策略: deep_update
2026-04-24 23:12:06,180 [INFO] base_services.config_service: 👀 配置热重载监听已启动: /home/ts/app/AiStock/config/dynamic_price (recursive=False)
2026-04-24 23:12:06,181 [INFO] base_services.config_service: ✅ ConfigService 初始化成功 | 系统=dynamic_price | 模式=paper_trading | 热重载=启用 | 加载策略: auto_scan=True, merge=deep_update
2026-04-24 23:12:06,181 [INFO] base_services.cache_service: ✅ 缓存服务初始化成功 | 容量=2000 | TTL=3600s
2026-04-24 23:12:06,567 [INFO] data_services.database_reader: ✅ 数据库引擎 [index_db] 初始化成功
2026-04-24 23:12:06,567 [INFO] data_services.database_reader: ✅ 数据库引擎 [stock_db] 初始化成功
2026-04-24 23:12:06,568 [INFO] data_services.database_reader: ✅ 数据库引擎 [stock_base_db] 初始化成功
2026-04-24 23:12:06,568 [INFO] data_services.database_reader: ✅ 数据库引擎 [stock_fs_db] 初始化成功
2026-04-24 23:12:06,568 [INFO] data_services.database_reader: ✅ 数据库引擎 [index_pe_db] 初始化成功
2026-04-24 23:12:08,105 [INFO] data_services.tdx_adapter: ✅ TDX 接口连接成功（普通+扩展行情）
2026-04-24 23:12:08,106 [INFO] data_services.ak_adapter: ✅ ExternalAPI 初始化成功 | timeout=30s, retry=3
2026-04-24 23:12:08,107 [INFO] data_services.data_loading_service: ✅ 使用外部 CacheService 实例
2026-04-24 23:12:08,107 [INFO] data_services.data_loading_service: ✅ DataLoadingService V6.2 初始化成功 | 缓存=启用 | 复权逻辑已移除
2026-04-24 23:12:08,119 [INFO] dynamic_price_system.core.dynamic_price_engine: ✅ DynamicPriceEngine 初始化成功 | 权重={'technical': 0.4, 'fundamental': 0.35, 'macro': 0.25} | 最小交易日=60
2026-04-24 23:12:08,132 [INFO] dynamic_price_system.portfolio.tracker: ✅ PortfolioTracker 初始化成功 | 初始资金=1,000,000
2026-04-24 23:12:08,132 [INFO] dynamic_price_system.portfolio.risk_manager: ✅ RiskManager 初始化成功
2026-04-24 23:12:08,139 [INFO] analysis.filter_engine: ✅ FilterEngine 初始化 | 规则数: 5
2026-04-24 23:12:08,342 [INFO] visualization.services.visualization_service: ✅ VisualizationService 初始化完成 | 输出: output/visualization
2026-04-24 23:12:08,349 [INFO] MainRunner: ✅ 服务初始化完成
2026-04-24 23:12:08,356 [INFO] analysis.result_repository: ✅ ResultRepository 初始化 | 版本: 20260424 | 目录: output/analysis_results/20260424
2026-04-24 23:12:08,356 [INFO] MainRunner: ✅ 结果仓库初始化 | 目录: output/analysis_results/20260424
2026-04-24 23:12:08,357 [INFO] MainRunner: 🚀 启动动态价格系统 | 阶段: 2 | 时间: 2026-04-24T23:12:08.357051
2026-04-24 23:12:08,357 [INFO] MainRunner: 🔍 阶段 2：单标深度分析 | 标的: 002353
2026-04-24 23:12:10,195 [INFO] data_services.data_loading_service: ✅ 股票日线(TDX): 002353 | 300条 | 市场=stock_sz
2026-04-24 23:12:10,776 [INFO] data_services.data_loading_service: ✅ 股票财务(DB): 002353 | 69条
2026-04-24 23:12:10,780 [INFO] MainRunner: 📦 解析 --charts all → 生成 6 个深度图表
2026-04-24 23:12:10,780 [INFO] MainRunner: 📁 阶段 2 输出目录已切换: output/visualization/phase2
2026-04-24 23:12:11,031 [INFO] visualization.core.plotly_renderer: ✅ 导出成功: /home/ts/app/AiStock/output/visualization/phase2/002353_price_interval.html
2026-04-24 23:12:11,150 [INFO] visualization.core.plotly_renderer: ✅ 导出成功: /home/ts/app/AiStock/output/visualization/phase2/002353_factor_breakdown.html
2026-04-24 23:12:11,212 [INFO] visualization.core.plotly_renderer: ✅ 导出成功: /home/ts/app/AiStock/output/visualization/phase2/002353_confidence_gauge.html
2026-04-24 23:12:11,409 [INFO] visualization.core.plotly_renderer: ✅ 导出成功: /home/ts/app/AiStock/output/visualization/phase2/002353_diagnostics_tree.html
2026-04-24 23:12:11,515 [INFO] visualization.core.plotly_renderer: ✅ 导出成功: /home/ts/app/AiStock/output/visualization/phase2/002353_indicator_scatter.html
2026-04-24 23:12:11,583 [INFO] visualization.core.plotly_renderer: ✅ 导出成功: /home/ts/app/AiStock/output/visualization/phase2/002353_summary_card.html
2026-04-24 23:12:11,583 [INFO] MainRunner: ✅ 生成 002353 深度分析: ['price_interval', 'factor_breakdown', 'confidence_gauge', 'diagnostics_tree', 'indicator_scatter', 'summary_card']
2026-04-24 23:12:11,583 [INFO] MainRunner: ⏱️ 总耗时: 3.23s | 🏁 流程执行完毕
2026-04-24 23:12:11,583 [INFO] MainRunner: 🧹 清理服务资源...
2026-04-24 23:12:11,587 [INFO] base_services.config_service: 🛑 配置监听已停止
2026-04-24 23:12:11,589 [INFO] data_services.database_reader: ✅ 所有数据库引擎已关闭
2026-04-24 23:12:11,589 [INFO] data_services.tdx_adapter: ✅ TDX 连接已全部关闭
2026-04-24 23:12:11,590 [INFO] data_services.database_reader: ✅ 所有数据库引擎已关闭
2026-04-24 23:12:11,591 [INFO] data_services.tdx_adapter: ✅ TDX 连接已全部关闭
2026-04-24 23:12:11,591 [INFO] data_services.ak_adapter: ✅ ExternalAPI 缓存已清空
2026-04-24 23:12:11,591 [INFO] data_services.data_loading_service: ✅ DataLoadingService 已关闭
2026-04-24 23:12:11,591 [INFO] MainRunner: ✅ 资源清理完成
2026-04-24 23:28:18,777 [INFO] MainRunner: 🔧 初始化核心服务...
2026-04-24 23:28:18,908 [INFO] base_services.config_service: ✅ 配置加载完成 | 文件数: 12 | 策略: deep_update
2026-04-24 23:28:18,910 [INFO] base_services.config_service: 👀 配置热重载监听已启动: /home/ts/app/AiStock/config/dynamic_price (recursive=False)
2026-04-24 23:28:18,910 [INFO] base_services.config_service: ✅ ConfigService 初始化成功 | 系统=dynamic_price | 模式=paper_trading | 热重载=启用 | 加载策略: auto_scan=True, merge=deep_update
2026-04-24 23:28:18,911 [INFO] base_services.cache_service: ✅ 缓存服务初始化成功 | 容量=2000 | TTL=3600s
2026-04-24 23:28:19,287 [INFO] data_services.database_reader: ✅ 数据库引擎 [index_db] 初始化成功
2026-04-24 23:28:19,288 [INFO] data_services.database_reader: ✅ 数据库引擎 [stock_db] 初始化成功
2026-04-24 23:28:19,288 [INFO] data_services.database_reader: ✅ 数据库引擎 [stock_base_db] 初始化成功
2026-04-24 23:28:19,289 [INFO] data_services.database_reader: ✅ 数据库引擎 [stock_fs_db] 初始化成功
2026-04-24 23:28:19,289 [INFO] data_services.database_reader: ✅ 数据库引擎 [index_pe_db] 初始化成功
2026-04-24 23:28:19,615 [INFO] data_services.tdx_adapter: ✅ TDX 接口连接成功（普通+扩展行情）
2026-04-24 23:28:19,615 [INFO] data_services.ak_adapter: ✅ ExternalAPI 初始化成功 | timeout=30s, retry=3
2026-04-24 23:28:19,616 [INFO] data_services.data_loading_service: ✅ 使用外部 CacheService 实例
2026-04-24 23:28:19,616 [INFO] data_services.data_loading_service: ✅ DataLoadingService V6.2 初始化成功 | 缓存=启用 | 复权逻辑已移除
2026-04-24 23:28:19,628 [INFO] dynamic_price_system.core.dynamic_price_engine: ✅ DynamicPriceEngine 初始化成功 | 权重={'technical': 0.4, 'fundamental': 0.35, 'macro': 0.25} | 最小交易日=60
2026-04-24 23:28:19,641 [INFO] dynamic_price_system.portfolio.tracker: ✅ PortfolioTracker 初始化成功 | 初始资金=1,000,000
2026-04-24 23:28:19,642 [INFO] dynamic_price_system.portfolio.risk_manager: ✅ RiskManager 初始化成功
2026-04-24 23:28:19,650 [INFO] analysis.filter_engine: ✅ FilterEngine 初始化 | 规则数: 5
2026-04-24 23:28:19,833 [INFO] visualization.services.visualization_service: ✅ VisualizationService 初始化完成 | 输出: output/visualization
2026-04-24 23:28:19,841 [INFO] MainRunner: ✅ 服务初始化完成
2026-04-24 23:28:19,848 [INFO] analysis.result_repository: ✅ ResultRepository 初始化 | 版本: 20260424 | 目录: output/analysis_results/20260424
2026-04-24 23:28:19,849 [INFO] MainRunner: ✅ 结果仓库初始化 | 目录: output/analysis_results/20260424
2026-04-24 23:28:19,849 [INFO] MainRunner: 🚀 启动动态价格系统 | 阶段: 2 | 时间: 2026-04-24T23:28:19.849299
2026-04-24 23:28:19,849 [INFO] MainRunner: 🔍 阶段 2：单标深度分析 | 标的: 002353
2026-04-24 23:28:20,142 [INFO] data_services.data_loading_service: ✅ 股票日线(TDX): 002353 | 300条 | 市场=stock_sz
2026-04-24 23:28:20,737 [INFO] data_services.data_loading_service: ✅ 股票财务(DB): 002353 | 69条
2026-04-24 23:28:20,741 [INFO] MainRunner: 📦 解析 --charts all → 生成 6 个深度图表
2026-04-24 23:28:20,741 [INFO] MainRunner: 📁 阶段 2 输出目录已切换: output/visualization/phase2
2026-04-24 23:28:20,994 [INFO] visualization.core.plotly_renderer: ✅ 导出成功: /home/ts/app/AiStock/output/visualization/phase2/002353_price_interval.html
2026-04-24 23:28:21,113 [INFO] visualization.core.plotly_renderer: ✅ 导出成功: /home/ts/app/AiStock/output/visualization/phase2/002353_factor_breakdown.html
2026-04-24 23:28:21,181 [INFO] visualization.core.plotly_renderer: ✅ 导出成功: /home/ts/app/AiStock/output/visualization/phase2/002353_confidence_gauge.html
2026-04-24 23:28:21,385 [INFO] visualization.core.plotly_renderer: ✅ 导出成功: /home/ts/app/AiStock/output/visualization/phase2/002353_diagnostics_tree.html
2026-04-24 23:28:21,493 [INFO] visualization.core.plotly_renderer: ✅ 导出成功: /home/ts/app/AiStock/output/visualization/phase2/002353_indicator_scatter.html
2026-04-24 23:28:21,562 [INFO] visualization.core.plotly_renderer: ✅ 导出成功: /home/ts/app/AiStock/output/visualization/phase2/002353_summary_card.html
2026-04-24 23:28:21,562 [INFO] MainRunner: ✅ 生成 002353 深度分析: ['price_interval', 'factor_breakdown', 'confidence_gauge', 'diagnostics_tree', 'indicator_scatter', 'summary_card']
2026-04-24 23:28:21,562 [INFO] MainRunner: ⏱️ 总耗时: 1.71s | 🏁 流程执行完毕
2026-04-24 23:28:21,562 [INFO] MainRunner: 🧹 清理服务资源...
2026-04-24 23:28:21,563 [INFO] base_services.config_service: 🛑 配置监听已停止
2026-04-24 23:28:21,565 [INFO] data_services.database_reader: ✅ 所有数据库引擎已关闭
2026-04-24 23:28:21,565 [INFO] data_services.tdx_adapter: ✅ TDX 连接已全部关闭
2026-04-24 23:28:21,566 [INFO] data_services.database_reader: ✅ 所有数据库引擎已关闭
2026-04-24 23:28:21,566 [INFO] data_services.tdx_adapter: ✅ TDX 连接已全部关闭
2026-04-24 23:28:21,566 [INFO] data_services.ak_adapter: ✅ ExternalAPI 缓存已清空
2026-04-24 23:28:21,566 [INFO] data_services.data_loading_service: ✅ DataLoadingService 已关闭
2026-04-24 23:28:21,566 [INFO] MainRunner: ✅ 资源清理完成
2026-04-24 23:50:29,982 [INFO] MainRunner: 🔧 初始化核心服务...
2026-04-24 23:50:30,101 [INFO] base_services.config_service: ✅ 配置加载完成 | 文件数: 12 | 策略: deep_update
2026-04-24 23:50:30,103 [INFO] base_services.config_service: 👀 配置热重载监听已启动: /home/ts/app/AiStock/config/dynamic_price (recursive=False)
2026-04-24 23:50:30,103 [INFO] base_services.config_service: ✅ ConfigService 初始化成功 | 系统=dynamic_price | 模式=paper_trading | 热重载=启用 | 加载策略: auto_scan=True, merge=deep_update
2026-04-24 23:50:30,104 [INFO] base_services.cache_service: ✅ 缓存服务初始化成功 | 容量=2000 | TTL=3600s
2026-04-24 23:50:30,487 [INFO] data_services.database_reader: ✅ 数据库引擎 [index_db] 初始化成功
2026-04-24 23:50:30,488 [INFO] data_services.database_reader: ✅ 数据库引擎 [stock_db] 初始化成功
2026-04-24 23:50:30,489 [INFO] data_services.database_reader: ✅ 数据库引擎 [stock_base_db] 初始化成功
2026-04-24 23:50:30,489 [INFO] data_services.database_reader: ✅ 数据库引擎 [stock_fs_db] 初始化成功
2026-04-24 23:50:30,489 [INFO] data_services.database_reader: ✅ 数据库引擎 [index_pe_db] 初始化成功
2026-04-24 23:50:30,795 [INFO] data_services.tdx_adapter: ✅ TDX 接口连接成功（普通+扩展行情）
2026-04-24 23:50:30,796 [INFO] data_services.ak_adapter: ✅ ExternalAPI 初始化成功 | timeout=30s, retry=3
2026-04-24 23:50:30,797 [INFO] data_services.data_loading_service: ✅ 使用外部 CacheService 实例
2026-04-24 23:50:30,797 [INFO] data_services.data_loading_service: ✅ DataLoadingService V6.2 初始化成功 | 缓存=启用 | 复权逻辑已移除
2026-04-24 23:50:30,817 [INFO] dynamic_price_system.core.dynamic_price_engine: ✅ DynamicPriceEngine 初始化成功 | 权重={'technical': 0.4, 'fundamental': 0.35, 'macro': 0.25} | 最小交易日=60
2026-04-24 23:50:30,831 [INFO] dynamic_price_system.portfolio.tracker: ✅ PortfolioTracker 初始化成功 | 初始资金=1,000,000
2026-04-24 23:50:30,831 [INFO] dynamic_price_system.portfolio.risk_manager: ✅ RiskManager 初始化成功
2026-04-24 23:50:30,838 [INFO] analysis.filter_engine: ✅ FilterEngine 初始化 | 规则数: 5
2026-04-24 23:50:31,051 [INFO] visualization.services.visualization_service: ✅ VisualizationService 初始化完成 | 输出: output/visualization
2026-04-24 23:50:31,058 [INFO] MainRunner: ✅ 服务初始化完成
2026-04-24 23:50:31,065 [INFO] analysis.result_repository: ✅ ResultRepository 初始化 | 版本: 20260424 | 目录: output/analysis_results/20260424
2026-04-24 23:50:31,065 [INFO] MainRunner: ✅ 结果仓库初始化 | 目录: output/analysis_results/20260424
2026-04-24 23:50:31,065 [INFO] MainRunner: 🚀 启动动态价格系统 | 阶段: all | 时间: 2026-04-24T23:50:31.065553
2026-04-24 23:50:31,065 [INFO] MainRunner: 📊 阶段 1：批量分析 + 智能筛选 + 结果保存
2026-04-24 23:50:31,065 [INFO] MainRunner: 📋 标的池: 18 只
2026-04-24 23:50:31,065 [INFO] data_services.ak_adapter: 🔄 请求外部数据: OIL -> 布伦特原油 (尝试 1/3)
2026-04-24 23:50:31,856 [INFO] data_services.ak_adapter: ✅ 外部期货获取成功: OIL | 价格=104.544
2026-04-24 23:50:31,861 [INFO] data_services.data_loading_service: ✅ 宏观数据 (外部): brent_crude -> OIL | 价格=104.544
2026-04-24 23:50:31,861 [INFO] data_services.ak_adapter: 🔄 请求外部数据: GC -> COMEX 黄金 (尝试 1/3)
2026-04-24 23:50:32,324 [INFO] data_services.ak_adapter: ✅ 外部期货获取成功: GC | 价格=4744.106
2026-04-24 23:50:32,327 [INFO] data_services.data_loading_service: ✅ 宏观数据 (外部): comex_gold -> GC | 价格=4744.106
2026-04-24 23:50:32,327 [INFO] data_services.ak_adapter: 🔄 请求外部数据: CAD -> LME 铜 (尝试 1/3)
2026-04-24 23:50:32,670 [INFO] data_services.ak_adapter: ✅ 外部期货获取成功: CAD | 价格=13310.52
2026-04-24 23:50:32,672 [INFO] data_services.data_loading_service: ✅ 宏观数据 (外部): lme_copper -> CAD | 价格=13310.52
2026-04-24 23:50:32,673 [INFO] data_services.ak_adapter: 🔄 请求外部数据: NG -> NYMEX 天然气 (尝试 1/3)
2026-04-24 23:50:33,093 [INFO] data_services.ak_adapter: ✅ 外部期货获取成功: NG | 价格=2.959
2026-04-24 23:50:33,095 [INFO] data_services.data_loading_service: ✅ 宏观数据 (外部): nymex_gas -> NG | 价格=2.959
2026-04-24 23:50:33,096 [INFO] data_services.ak_adapter: 🔄 请求外部数据: NID -> LME 镍 (尝试 1/3)
2026-04-24 23:50:33,525 [INFO] data_services.ak_adapter: ✅ 外部期货获取成功: NID | 价格=19067.2
2026-04-24 23:50:33,528 [INFO] data_services.data_loading_service: ✅ 宏观数据 (外部): lme_nickel -> NID | 价格=19067.2
2026-04-24 23:50:33,528 [INFO] data_services.ak_adapter: 🔄 请求外部数据: SI -> COMEX 白银 (尝试 1/3)
2026-04-24 23:50:33,950 [INFO] data_services.ak_adapter: ✅ 外部期货获取成功: SI | 价格=76.931
2026-04-24 23:50:33,952 [INFO] data_services.data_loading_service: ✅ 宏观数据 (外部): comex_silver -> SI | 价格=76.931
2026-04-24 23:50:35,895 [INFO] data_services.ak_adapter: 🔄 请求外部数据: EUA -> EUA 碳排放权 (尝试 1/3)
2026-04-24 23:50:36,373 [INFO] data_services.ak_adapter: ✅ 外部期货获取成功: EUA | 价格=74.892
2026-04-24 23:50:36,375 [INFO] data_services.data_loading_service: ✅ 宏观数据 (外部): eua_carbon -> EUA | 价格=74.892
2026-04-24 23:50:36,376 [INFO] data_services.ak_adapter: 🔄 请求外部数据: C -> CBOT 玉米 (尝试 1/3)
2026-04-24 23:50:36,720 [INFO] data_services.ak_adapter: ✅ 外部期货获取成功: C | 价格=493.98
2026-04-24 23:50:36,722 [INFO] data_services.data_loading_service: ✅ 宏观数据 (外部): corn_price -> C | 价格=493.98
2026-04-24 23:50:36,723 [INFO] data_services.data_loading_service: ✅ 宏观指标批量加载完成: 15/15
2026-04-24 23:50:36,989 [INFO] data_services.data_loading_service: ✅ 股票日线(TDX): 600938 | 300条 | 市场=stock_sh
2026-04-24 23:50:37,441 [INFO] data_services.data_loading_service: ✅ 股票财务(DB): 600938 | 21条
2026-04-24 23:50:37,709 [INFO] data_services.data_loading_service: ✅ 股票日线(TDX): 601857 | 300条 | 市场=stock_sh
2026-04-24 23:50:38,263 [INFO] data_services.data_loading_service: ✅ 股票财务(DB): 601857 | 78条
2026-04-24 23:50:38,533 [INFO] data_services.data_loading_service: ✅ 股票日线(TDX): 600256 | 300条 | 市场=stock_sh
2026-04-24 23:50:39,149 [INFO] data_services.data_loading_service: ✅ 股票财务(DB): 600256 | 99条
2026-04-24 23:50:39,418 [INFO] data_services.data_loading_service: ✅ 股票日线(TDX): 600803 | 300条 | 市场=stock_sh
2026-04-24 23:50:40,037 [INFO] data_services.data_loading_service: ✅ 股票财务(DB): 600803 | 100条
2026-04-24 23:50:40,302 [INFO] data_services.data_loading_service: ✅ 股票日线(TDX): 601808 | 300条 | 市场=stock_sh
2026-04-24 23:50:40,868 [INFO] data_services.data_loading_service: ✅ 股票财务(DB): 601808 | 78条
2026-04-24 23:50:41,141 [INFO] data_services.data_loading_service: ✅ 股票日线(TDX): 002353 | 300条 | 市场=stock_sz
2026-04-24 23:50:41,674 [INFO] data_services.data_loading_service: ✅ 股票财务(DB): 002353 | 69条
2026-04-24 23:50:41,945 [INFO] data_services.data_loading_service: ✅ 股票日线(TDX): 601088 | 300条 | 市场=stock_sh
2026-04-24 23:50:42,558 [INFO] data_services.data_loading_service: ✅ 股票财务(DB): 601088 | 76条
2026-04-24 23:50:42,830 [INFO] data_services.data_loading_service: ✅ 股票日线(TDX): 600426 | 300条 | 市场=stock_sh
2026-04-24 23:50:43,416 [INFO] data_services.data_loading_service: ✅ 股票财务(DB): 600426 | 96条
2026-04-24 23:50:43,691 [INFO] data_services.data_loading_service: ✅ 股票日线(TDX): 600406 | 300条 | 市场=stock_sh
2026-04-24 23:50:44,264 [INFO] data_services.data_loading_service: ✅ 股票财务(DB): 600406 | 91条
2026-04-24 23:50:44,543 [INFO] data_services.data_loading_service: ✅ 股票日线(TDX): 000400 | 300条 | 市场=stock_sz
2026-04-24 23:50:45,159 [INFO] data_services.data_loading_service: ✅ 股票财务(DB): 000400 | 99条
2026-04-24 23:50:45,430 [INFO] data_services.data_loading_service: ✅ 股票日线(TDX): 300750 | 300条 | 市场=stock_sz
2026-04-24 23:50:45,875 [INFO] data_services.data_loading_service: ✅ 股票财务(DB): 300750 | 35条
2026-04-24 23:50:46,143 [INFO] data_services.data_loading_service: ✅ 股票日线(TDX): 300274 | 300条 | 市场=stock_sz
2026-04-24 23:50:46,645 [INFO] data_services.data_loading_service: ✅ 股票财务(DB): 300274 | 61条
2026-04-24 23:50:46,913 [INFO] data_services.data_loading_service: ✅ 股票日线(TDX): 601899 | 300条 | 市场=stock_sh
2026-04-24 23:50:47,453 [INFO] data_services.data_loading_service: ✅ 股票财务(DB): 601899 | 74条
2026-04-24 23:50:47,725 [INFO] data_services.data_loading_service: ✅ 股票日线(TDX): 600489 | 300条 | 市场=stock_sh
2026-04-24 23:50:48,358 [INFO] data_services.data_loading_service: ✅ 股票财务(DB): 600489 | 94条
2026-04-24 23:50:48,626 [INFO] data_services.data_loading_service: ✅ 股票日线(TDX): 600760 | 300条 | 市场=stock_sh
2026-04-24 23:50:49,237 [INFO] data_services.data_loading_service: ✅ 股票财务(DB): 600760 | 99条
2026-04-24 23:50:49,506 [INFO] data_services.data_loading_service: ✅ 股票日线(TDX): 002179 | 300条 | 市场=stock_sz
2026-04-24 23:50:50,035 [INFO] data_services.data_loading_service: ✅ 股票财务(DB): 002179 | 77条
2026-04-24 23:50:50,313 [INFO] data_services.data_loading_service: ✅ 股票日线(TDX): 603019 | 300条 | 市场=stock_sh
2026-04-24 23:50:50,787 [INFO] data_services.data_loading_service: ✅ 股票财务(DB): 603019 | 49条
2026-04-24 23:50:51,054 [INFO] data_services.data_loading_service: ✅ 股票日线(TDX): 600536 | 300条 | 市场=stock_sh
2026-04-24 23:50:51,663 [INFO] data_services.data_loading_service: ✅ 股票财务(DB): 600536 | 96条
2026-04-24 23:50:51,665 [INFO] dynamic_price_system.core.dynamic_price_engine: 🚀 开始批量计算: 18 只标的
2026-04-24 23:50:51,684 [INFO] dynamic_price_system.core.fundamental_calculator: 📉 基本面评分 50.0 < 阈值 60，启用降权因子
2026-04-24 23:50:51,684 [INFO] dynamic_price_system.core.dynamic_price_engine: 📉 600938 基本面评分 50.0 < 阈值 60，启用降权
2026-04-24 23:50:51,684 [INFO] dynamic_price_system.core.dynamic_price_engine: 📊 油气开采 宏观系数: 1.080 | 敏感度=1.7 | 有效指标=2/2
2026-04-24 23:50:51,701 [INFO] dynamic_price_system.core.fundamental_calculator: 📉 基本面评分 50.0 < 阈值 55，启用降权因子
2026-04-24 23:50:51,701 [INFO] dynamic_price_system.core.dynamic_price_engine: 📉 601857 基本面评分 50.0 < 阈值 55，启用降权
2026-04-24 23:50:51,701 [INFO] dynamic_price_system.core.dynamic_price_engine: 📊 油气开采 宏观系数: 1.080 | 敏感度=1.5 | 有效指标=2/2
2026-04-24 23:50:51,718 [INFO] dynamic_price_system.core.dynamic_price_engine: 📊 LNG 宏观系数: 1.052 | 敏感度=1.4 | 有效指标=2/2
2026-04-24 23:50:51,734 [INFO] dynamic_price_system.core.dynamic_price_engine: 📊 LNG 宏观系数: 1.048 | 敏感度=1.3 | 有效指标=2/2
2026-04-24 23:50:51,751 [INFO] dynamic_price_system.core.dynamic_price_engine: 📊 油服 宏观系数: 1.080 | 敏感度=1.2 | 有效指标=2/2
2026-04-24 23:50:51,768 [INFO] dynamic_price_system.core.dynamic_price_engine: 📊 油服 宏观系数: 1.080 | 敏感度=1.3 | 有效指标=2/2
2026-04-24 23:50:51,784 [INFO] dynamic_price_system.core.fundamental_calculator: 📉 基本面评分 50.0 < 阈值 70，启用降权因子
2026-04-24 23:50:51,785 [INFO] dynamic_price_system.core.dynamic_price_engine: 📉 601088 基本面评分 50.0 < 阈值 70，启用降权
2026-04-24 23:50:51,785 [INFO] dynamic_price_system.core.dynamic_price_engine: 📊 煤炭化工 宏观系数: 1.000 | 敏感度=1.4 | 有效指标=3/3
2026-04-24 23:50:51,801 [INFO] dynamic_price_system.core.fundamental_calculator: 📉 基本面评分 50.0 < 阈值 55，启用降权因子
2026-04-24 23:50:51,802 [INFO] dynamic_price_system.core.dynamic_price_engine: 📉 600426 基本面评分 50.0 < 阈值 55，启用降权
2026-04-24 23:50:51,802 [INFO] dynamic_price_system.core.dynamic_price_engine: 📊 煤炭化工 宏观系数: 1.000 | 敏感度=1.1 | 有效指标=3/3
2026-04-24 23:50:51,819 [INFO] dynamic_price_system.core.dynamic_price_engine: 📊 特高压 宏观系数: 1.080 | 敏感度=0.9 | 有效指标=2/2
2026-04-24 23:50:51,836 [INFO] dynamic_price_system.core.dynamic_price_engine: 📊 特高压 宏观系数: 1.080 | 敏感度=0.8 | 有效指标=2/2
2026-04-24 23:50:51,837 [INFO] dynamic_price_system.core.dynamic_price_engine: 📊 批量进度: 10/18 | 成功: 10
2026-04-24 23:50:51,853 [INFO] dynamic_price_system.core.dynamic_price_engine: 📊 新能源 宏观系数: 1.080 | 敏感度=1.1 | 有效指标=3/3
2026-04-24 23:50:51,870 [INFO] dynamic_price_system.core.dynamic_price_engine: 📊 新能源 宏观系数: 1.080 | 敏感度=1.0 | 有效指标=3/3
2026-04-24 23:50:51,888 [INFO] dynamic_price_system.core.dynamic_price_engine: 📊 黄金 宏观系数: 1.080 | 敏感度=1.9 | 有效指标=2/2
2026-04-24 23:50:51,905 [INFO] dynamic_price_system.core.dynamic_price_engine: 📊 黄金 宏观系数: 1.080 | 敏感度=1.8 | 有效指标=2/2
2026-04-24 23:50:51,922 [INFO] dynamic_price_system.core.fundamental_calculator: 📉 基本面评分 50.0 < 阈值 60，启用降权因子
2026-04-24 23:50:51,922 [INFO] dynamic_price_system.core.dynamic_price_engine: 📉 600760 基本面评分 50.0 < 阈值 60，启用降权
2026-04-24 23:50:51,922 [INFO] dynamic_price_system.core.dynamic_price_engine: 📊 军工 宏观系数: 1.054 | 敏感度=0.6 | 有效指标=2/2
2026-04-24 23:50:51,939 [INFO] dynamic_price_system.core.dynamic_price_engine: 📊 军工 宏观系数: 1.063 | 敏感度=0.7 | 有效指标=2/2
2026-04-24 23:50:51,957 [INFO] dynamic_price_system.core.dynamic_price_engine: 📊 政策方向 宏观系数: 1.070 | 敏感度=0.5 | 有效指标=2/2
2026-04-24 23:50:51,974 [INFO] dynamic_price_system.core.dynamic_price_engine: 📊 政策方向 宏观系数: 1.056 | 敏感度=0.4 | 有效指标=2/2
2026-04-24 23:50:51,974 [INFO] dynamic_price_system.core.dynamic_price_engine: 📊 批量进度: 18/18 | 成功: 18
2026-04-24 23:50:51,974 [INFO] dynamic_price_system.core.dynamic_price_engine: ✅ 批量计算完成 | 成功: 18/18
2026-04-24 23:50:51,975 [INFO] MainRunner: ✅ 批量计算完成: 18/18 成功
2026-04-24 23:50:51,975 [INFO] analysis.filter_engine: 🔍 筛选完成: 18 → 18 只 | 规则: debug_all
2026-04-24 23:50:52,019 [INFO] analysis.result_repository: ✅ 保存批量结果: 18 只标的 | output/analysis_results/20260424/batch_results.json
2026-04-24 23:50:52,024 [INFO] analysis.result_repository: ✅ 保存推荐标的: 18 只 | output/analysis_results/20260424/recommended_stocks.json
2026-04-24 23:50:52,025 [INFO] analysis.result_repository: 🔗 创建 latest 软链接 -> 20260424
2026-04-24 23:50:52,026 [INFO] MainRunner: 🎨 开始生成阶段 1 可视化 | 批量: 18 只，推荐: 18 只
2026-04-24 23:50:52,033 [WARNING] MainRunner: ⚠️ 批量对比图生成失败: The truth value of a Series is ambiguous. Use a.empty, a.bool(), a.item(), a.any() or a.all().
2026-04-24 23:50:52,333 [INFO] visualization.core.plotly_renderer: ✅ 导出成功: /home/ts/app/AiStock/output/visualization/phase1/screening_results_20260424.html
2026-04-24 23:50:52,334 [INFO] MainRunner: ✅ 筛选面板: screening_results_20260424.html
2026-04-24 23:50:52,391 [INFO] visualization.phase1.summary_report: ✅ HTML 报告已生成: /home/ts/app/AiStock/output/visualization/phase1/summary_report_20260424.html
2026-04-24 23:50:52,391 [INFO] MainRunner: ✅ 摘要报告: summary_report_20260424.html
2026-04-24 23:50:52,562 [INFO] visualization.core.plotly_renderer: ✅ 导出成功: /home/ts/app/AiStock/output/visualization/phase1/confidence_batch_20260424.html
2026-04-24 23:50:52,563 [INFO] MainRunner: 🎨 阶段 1 可视化完成 | 生成 3 个文件 | 耗时: 0.54s | 平均: 0.18s/图表
2026-04-24 23:50:52,563 [INFO] MainRunner: 📁 查看: output/visualization/phase1
2026-04-24 23:50:52,563 [INFO] MainRunner: ✅ 阶段 1 完成 | 耗时: 21.50s | 推荐: 18 只
2026-04-24 23:50:52,564 [INFO] analysis.result_repository: ✅ 加载推荐标的: 18 只 | 版本: 20260424
2026-04-24 23:50:52,564 [INFO] MainRunner: 🔄 全流程模式：自动选择推荐标的 002353 进行深度分析
2026-04-24 23:50:52,565 [INFO] MainRunner: 🔍 阶段 2：单标深度分析 | 标的: 002353
2026-04-24 23:50:52,583 [INFO] MainRunner: 📁 阶段 2 输出目录已切换: output/visualization/phase2
2026-04-24 23:50:52,654 [INFO] visualization.core.plotly_renderer: ✅ 导出成功: /home/ts/app/AiStock/output/visualization/phase2/002353_price_interval.html
2026-04-24 23:50:52,735 [INFO] visualization.core.plotly_renderer: ✅ 导出成功: /home/ts/app/AiStock/output/visualization/phase2/002353_factor_breakdown.html
2026-04-24 23:50:52,817 [INFO] visualization.core.plotly_renderer: ✅ 导出成功: /home/ts/app/AiStock/output/visualization/phase2/002353_confidence_gauge.html
2026-04-24 23:50:53,010 [INFO] visualization.core.plotly_renderer: ✅ 导出成功: /home/ts/app/AiStock/output/visualization/phase2/002353_diagnostics_tree.html
2026-04-24 23:50:53,126 [INFO] visualization.core.plotly_renderer: ✅ 导出成功: /home/ts/app/AiStock/output/visualization/phase2/002353_indicator_scatter.html
2026-04-24 23:50:53,193 [INFO] visualization.core.plotly_renderer: ✅ 导出成功: /home/ts/app/AiStock/output/visualization/phase2/002353_summary_card.html
2026-04-24 23:50:53,193 [INFO] MainRunner: ✅ 生成 002353 深度分析: ['price_interval', 'factor_breakdown', 'confidence_gauge', 'diagnostics_tree', 'indicator_scatter', 'summary_card']
2026-04-24 23:50:53,193 [INFO] MainRunner: ⏱️ 总耗时: 22.13s | 🏁 流程执行完毕
2026-04-24 23:50:53,193 [INFO] MainRunner: 🧹 清理服务资源...
2026-04-24 23:50:53,194 [INFO] base_services.config_service: 🛑 配置监听已停止
2026-04-24 23:50:53,195 [INFO] data_services.database_reader: ✅ 所有数据库引擎已关闭
2026-04-24 23:50:53,196 [INFO] data_services.tdx_adapter: ✅ TDX 连接已全部关闭
2026-04-24 23:50:53,197 [INFO] data_services.database_reader: ✅ 所有数据库引擎已关闭
2026-04-24 23:50:53,197 [INFO] data_services.tdx_adapter: ✅ TDX 连接已全部关闭
2026-04-24 23:50:53,197 [INFO] data_services.ak_adapter: ✅ ExternalAPI 缓存已清空
2026-04-24 23:50:53,197 [INFO] data_services.data_loading_service: ✅ DataLoadingService 已关闭
2026-04-24 23:50:53,197 [INFO] MainRunner: ✅ 资源清理完成
2026-04-24 23:54:30,079 [INFO] MainRunner: 🔧 初始化核心服务...
2026-04-24 23:54:30,199 [INFO] base_services.config_service: ✅ 配置加载完成 | 文件数: 12 | 策略: deep_update
2026-04-24 23:54:30,201 [INFO] base_services.config_service: 👀 配置热重载监听已启动: /home/ts/app/AiStock/config/dynamic_price (recursive=False)
2026-04-24 23:54:30,201 [INFO] base_services.config_service: ✅ ConfigService 初始化成功 | 系统=dynamic_price | 模式=paper_trading | 热重载=启用 | 加载策略: auto_scan=True, merge=deep_update
2026-04-24 23:54:30,202 [INFO] base_services.cache_service: ✅ 缓存服务初始化成功 | 容量=2000 | TTL=3600s
2026-04-24 23:54:30,578 [INFO] data_services.database_reader: ✅ 数据库引擎 [index_db] 初始化成功
2026-04-24 23:54:30,579 [INFO] data_services.database_reader: ✅ 数据库引擎 [stock_db] 初始化成功
2026-04-24 23:54:30,579 [INFO] data_services.database_reader: ✅ 数据库引擎 [stock_base_db] 初始化成功
2026-04-24 23:54:30,580 [INFO] data_services.database_reader: ✅ 数据库引擎 [stock_fs_db] 初始化成功
2026-04-24 23:54:30,580 [INFO] data_services.database_reader: ✅ 数据库引擎 [index_pe_db] 初始化成功
2026-04-24 23:54:30,909 [INFO] data_services.tdx_adapter: ✅ TDX 接口连接成功（普通+扩展行情）
2026-04-24 23:54:30,909 [INFO] data_services.ak_adapter: ✅ ExternalAPI 初始化成功 | timeout=30s, retry=3
2026-04-24 23:54:30,910 [INFO] data_services.data_loading_service: ✅ 使用外部 CacheService 实例
2026-04-24 23:54:30,910 [INFO] data_services.data_loading_service: ✅ DataLoadingService V6.2 初始化成功 | 缓存=启用 | 复权逻辑已移除
2026-04-24 23:54:30,928 [INFO] dynamic_price_system.core.dynamic_price_engine: ✅ DynamicPriceEngine 初始化成功 | 权重={'technical': 0.4, 'fundamental': 0.35, 'macro': 0.25} | 最小交易日=60
2026-04-24 23:54:30,941 [INFO] dynamic_price_system.portfolio.tracker: ✅ PortfolioTracker 初始化成功 | 初始资金=1,000,000
2026-04-24 23:54:30,942 [INFO] dynamic_price_system.portfolio.risk_manager: ✅ RiskManager 初始化成功
2026-04-24 23:54:30,949 [INFO] analysis.filter_engine: ✅ FilterEngine 初始化 | 规则数: 5
2026-04-24 23:54:31,138 [INFO] visualization.services.visualization_service: ✅ VisualizationService 初始化完成 | 输出: output/visualization
2026-04-24 23:54:31,146 [INFO] MainRunner: ✅ 服务初始化完成
2026-04-24 23:54:31,153 [INFO] analysis.result_repository: ✅ ResultRepository 初始化 | 版本: 20260424 | 目录: output/analysis_results/20260424
2026-04-24 23:54:31,153 [INFO] MainRunner: ✅ 结果仓库初始化 | 目录: output/analysis_results/20260424
2026-04-24 23:54:31,153 [INFO] MainRunner: 🚀 启动动态价格系统 | 阶段: 2 | 时间: 2026-04-24T23:54:31.153418
2026-04-24 23:54:31,153 [INFO] MainRunner: 🔍 阶段 2：单标深度分析 | 标的: 600536
2026-04-24 23:54:31,444 [INFO] data_services.data_loading_service: ✅ 股票日线(TDX): 600536 | 300条 | 市场=stock_sh
2026-04-24 23:54:32,093 [INFO] data_services.data_loading_service: ✅ 股票财务(DB): 600536 | 96条
2026-04-24 23:54:32,097 [INFO] MainRunner: 📦 解析 --charts all → 生成 6 个深度图表
2026-04-24 23:54:32,097 [INFO] MainRunner: 📁 阶段 2 输出目录已切换: output/visualization/phase2
2026-04-24 23:54:32,372 [INFO] visualization.core.plotly_renderer: ✅ 导出成功: /home/ts/app/AiStock/output/visualization/phase2/600536_price_interval.html
2026-04-24 23:54:32,494 [INFO] visualization.core.plotly_renderer: ✅ 导出成功: /home/ts/app/AiStock/output/visualization/phase2/600536_factor_breakdown.html
2026-04-24 23:54:32,558 [INFO] visualization.core.plotly_renderer: ✅ 导出成功: /home/ts/app/AiStock/output/visualization/phase2/600536_confidence_gauge.html
2026-04-24 23:54:32,752 [INFO] visualization.core.plotly_renderer: ✅ 导出成功: /home/ts/app/AiStock/output/visualization/phase2/600536_diagnostics_tree.html
2026-04-24 23:54:32,852 [INFO] visualization.core.plotly_renderer: ✅ 导出成功: /home/ts/app/AiStock/output/visualization/phase2/600536_indicator_scatter.html
2026-04-24 23:54:32,918 [INFO] visualization.core.plotly_renderer: ✅ 导出成功: /home/ts/app/AiStock/output/visualization/phase2/600536_summary_card.html
2026-04-24 23:54:32,919 [INFO] MainRunner: ✅ 生成 600536 深度分析: ['price_interval', 'factor_breakdown', 'confidence_gauge', 'diagnostics_tree', 'indicator_scatter', 'summary_card']
2026-04-24 23:54:32,919 [INFO] MainRunner: ⏱️ 总耗时: 1.77s | 🏁 流程执行完毕
2026-04-24 23:54:32,919 [INFO] MainRunner: 🧹 清理服务资源...
2026-04-24 23:54:32,920 [INFO] base_services.config_service: 🛑 配置监听已停止
2026-04-24 23:54:32,926 [INFO] data_services.database_reader: ✅ 所有数据库引擎已关闭
2026-04-24 23:54:32,927 [INFO] data_services.tdx_adapter: ✅ TDX 连接已全部关闭
2026-04-24 23:54:32,928 [INFO] data_services.database_reader: ✅ 所有数据库引擎已关闭
2026-04-24 23:54:32,928 [INFO] data_services.tdx_adapter: ✅ TDX 连接已全部关闭
2026-04-24 23:54:32,928 [INFO] data_services.ak_adapter: ✅ ExternalAPI 缓存已清空
2026-04-24 23:54:32,928 [INFO] data_services.data_loading_service: ✅ DataLoadingService 已关闭
2026-04-24 23:54:32,928 [INFO] MainRunner: ✅ 资源清理完成
2026-04-24 23:59:52,590 [INFO] MainRunner: 🔧 初始化核心服务...
2026-04-24 23:59:52,706 [INFO] base_services.config_service: ✅ 配置加载完成 | 文件数: 12 | 策略: deep_update
2026-04-24 23:59:52,708 [INFO] base_services.config_service: 👀 配置热重载监听已启动: /home/ts/app/AiStock/config/dynamic_price (recursive=False)
2026-04-24 23:59:52,708 [INFO] base_services.config_service: ✅ ConfigService 初始化成功 | 系统=dynamic_price | 模式=paper_trading | 热重载=启用 | 加载策略: auto_scan=True, merge=deep_update
2026-04-24 23:59:52,709 [INFO] base_services.cache_service: ✅ 缓存服务初始化成功 | 容量=2000 | TTL=3600s
2026-04-24 23:59:53,112 [INFO] data_services.database_reader: ✅ 数据库引擎 [index_db] 初始化成功
2026-04-24 23:59:53,113 [INFO] data_services.database_reader: ✅ 数据库引擎 [stock_db] 初始化成功
2026-04-24 23:59:53,113 [INFO] data_services.database_reader: ✅ 数据库引擎 [stock_base_db] 初始化成功
2026-04-24 23:59:53,114 [INFO] data_services.database_reader: ✅ 数据库引擎 [stock_fs_db] 初始化成功
2026-04-24 23:59:53,114 [INFO] data_services.database_reader: ✅ 数据库引擎 [index_pe_db] 初始化成功
2026-04-24 23:59:53,447 [INFO] data_services.tdx_adapter: ✅ TDX 接口连接成功（普通+扩展行情）
2026-04-24 23:59:53,447 [INFO] data_services.ak_adapter: ✅ ExternalAPI 初始化成功 | timeout=30s, retry=3
2026-04-24 23:59:53,448 [INFO] data_services.data_loading_service: ✅ 使用外部 CacheService 实例
2026-04-24 23:59:53,448 [INFO] data_services.data_loading_service: ✅ DataLoadingService V6.2 初始化成功 | 缓存=启用 | 复权逻辑已移除
2026-04-24 23:59:53,465 [INFO] dynamic_price_system.core.dynamic_price_engine: ✅ DynamicPriceEngine 初始化成功 | 权重={'technical': 0.4, 'fundamental': 0.35, 'macro': 0.25} | 最小交易日=60
2026-04-24 23:59:53,478 [INFO] dynamic_price_system.portfolio.tracker: ✅ PortfolioTracker 初始化成功 | 初始资金=1,000,000
2026-04-24 23:59:53,479 [INFO] dynamic_price_system.portfolio.risk_manager: ✅ RiskManager 初始化成功
2026-04-24 23:59:53,487 [INFO] analysis.filter_engine: ✅ FilterEngine 初始化 | 规则数: 5
2026-04-24 23:59:53,674 [INFO] visualization.services.visualization_service: ✅ VisualizationService 初始化完成 | 输出: output/visualization
2026-04-24 23:59:53,681 [INFO] MainRunner: ✅ 服务初始化完成
2026-04-24 23:59:53,688 [INFO] analysis.result_repository: ✅ ResultRepository 初始化 | 版本: 20260424 | 目录: output/analysis_results/20260424
2026-04-24 23:59:53,688 [INFO] MainRunner: ✅ 结果仓库初始化 | 目录: output/analysis_results/20260424
2026-04-24 23:59:53,688 [INFO] MainRunner: 🚀 启动动态价格系统 | 阶段: 2 | 时间: 2026-04-24T23:59:53.688667
2026-04-24 23:59:53,688 [INFO] MainRunner: 🔍 阶段 2：单标深度分析 | 标的: 600536
2026-04-24 23:59:53,982 [INFO] data_services.data_loading_service: ✅ 股票日线(TDX): 600536 | 300条 | 市场=stock_sh
2026-04-24 23:59:54,631 [INFO] data_services.data_loading_service: ✅ 股票财务(DB): 600536 | 96条
2026-04-24 23:59:54,635 [INFO] MainRunner: 📦 解析 --charts all → 生成 6 个深度图表
2026-04-24 23:59:54,635 [INFO] MainRunner: 📁 阶段 2 输出目录已切换: output/visualization/phase2
2026-04-24 23:59:54,886 [INFO] visualization.core.plotly_renderer: ✅ 导出成功: /home/ts/app/AiStock/output/visualization/phase2/600536_price_interval.html
2026-04-24 23:59:55,004 [INFO] visualization.core.plotly_renderer: ✅ 导出成功: /home/ts/app/AiStock/output/visualization/phase2/600536_factor_breakdown.html
2026-04-24 23:59:55,066 [INFO] visualization.core.plotly_renderer: ✅ 导出成功: /home/ts/app/AiStock/output/visualization/phase2/600536_confidence_gauge.html
2026-04-24 23:59:55,266 [INFO] visualization.core.plotly_renderer: ✅ 导出成功: /home/ts/app/AiStock/output/visualization/phase2/600536_diagnostics_tree.html
2026-04-24 23:59:55,369 [INFO] visualization.core.plotly_renderer: ✅ 导出成功: /home/ts/app/AiStock/output/visualization/phase2/600536_indicator_scatter.html
2026-04-24 23:59:55,437 [INFO] visualization.core.plotly_renderer: ✅ 导出成功: /home/ts/app/AiStock/output/visualization/phase2/600536_summary_card.html
2026-04-24 23:59:55,437 [INFO] MainRunner: ✅ 生成 600536 深度分析: ['price_interval', 'factor_breakdown', 'confidence_gauge', 'diagnostics_tree', 'indicator_scatter', 'summary_card']
2026-04-24 23:59:55,437 [INFO] MainRunner: ⏱️ 总耗时: 1.75s | 🏁 流程执行完毕
2026-04-24 23:59:55,437 [INFO] MainRunner: 🧹 清理服务资源...
2026-04-24 23:59:55,438 [INFO] base_services.config_service: 🛑 配置监听已停止
2026-04-24 23:59:55,440 [INFO] data_services.database_reader: ✅ 所有数据库引擎已关闭
2026-04-24 23:59:55,440 [INFO] data_services.tdx_adapter: ✅ TDX 连接已全部关闭
2026-04-24 23:59:55,441 [INFO] data_services.database_reader: ✅ 所有数据库引擎已关闭
2026-04-24 23:59:55,441 [INFO] data_services.tdx_adapter: ✅ TDX 连接已全部关闭
2026-04-24 23:59:55,441 [INFO] data_services.ak_adapter: ✅ ExternalAPI 缓存已清空
2026-04-24 23:59:55,441 [INFO] data_services.data_loading_service: ✅ DataLoadingService 已关闭
2026-04-24 23:59:55,442 [INFO] MainRunner: ✅ 资源清理完成
